<script setup>
import Plan from "../../src/components/Plan.vue"
import {processData,setPlanSource} from "./utils.ts"

const planData = [`[
    {
        "Plan": {
            "Node Type": "Custom Scan",
            "Custom Plan Provider": "DistDB CustomScan",
            "Parallel Aware": false,
            "Startup Cost": 0.00,
            "Total Cost": 10.00,
            "Plan Rows": 0,
            "Plan Width": 0,
            "Actual Startup Time": 167.877,
            "Actual Total Time": 167.878,
            "Actual Rows": 50,
            "Actual Loops": 1,
            "DistDB Query": {
                "Job": {
                    "Task Count": 10,
                    "Tasks Shown": "All",
                    "Tasks": [
                        {
                            "Task ID": 1,
                            "ClusterId": 1,
                            "Host": "localhost",
                            "Port": 5431,
                            "TaskQuery": "SELECT intermediate_result.id, intermediate_result.company_id, intermediate_result.first_name, intermediate_result.last_name, intermediate_result.gender, intermediate_result.dob, intermediate_result.age, intermediate_result.date_of_joining, intermediate_result.quarter_of_joining, intermediate_result.home_location, intermediate_result.work_location, intermediate_result.department_id, c.id, c.name, c.revenue, c.created_at FROM ((SELECT intermediate_result_1.id, intermediate_result_1.company_id, intermediate_result_1.first_name, intermediate_result_1.last_name, intermediate_result_1.gender, intermediate_result_1.dob, intermediate_result_1.age, intermediate_result_1.date_of_joining, intermediate_result_1.quarter_of_joining, intermediate_result_1.home_location, intermediate_result_1.work_location, intermediate_result_1.department_id FROM worker_read_intermediate_results(1, 1217, true) intermediate_result_1(id integer, company_id integer, first_name text, last_name text, gender character(1), dob date, age integer, date_of_joining date, quarter_of_joining character(2), home_location text, work_location text, department_id integer) WHERE true) intermediate_result JOIN (SELECT c_1.id, c_1.name, c_1.revenue, c_1.created_at FROM public.companies_ten_shards_1217 c_1 WHERE true) c ON ((intermediate_result.id = c.id))) WHERE true",
                            "Remote Plan": [
                                {
                                    "Query Text": "set distdb.isExplainAnalyze to true;set distdb.explainAnalyzeFormat to json;SELECT intermediate_result.id, intermediate_result.company_id, intermediate_result.first_name, intermediate_result.last_name, intermediate_result.gender, intermediate_result.dob, intermediate_result.age, intermediate_result.date_of_joining, intermediate_result.quarter_of_joining, intermediate_result.home_location, intermediate_result.work_location, intermediate_result.department_id, c.id, c.name, c.revenue, c.created_at FROM ((SELECT intermediate_result_1.id, intermediate_result_1.company_id, intermediate_result_1.first_name, intermediate_result_1.last_name, intermediate_result_1.gender, intermediate_result_1.dob, intermediate_result_1.age, intermediate_result_1.date_of_joining, intermediate_result_1.quarter_of_joining, intermediate_result_1.home_location, intermediate_result_1.work_location, intermediate_result_1.department_id FROM worker_read_intermediate_results(1, 1217, true) intermediate_result_1(id integer, company_id integer, first_name text, last_name text, gender character(1), dob date, age integer, date_of_joining date, quarter_of_joining character(2), home_location text, work_location text, department_id integer) WHERE true) intermediate_result JOIN (SELECT c_1.id, c_1.name, c_1.revenue, c_1.created_at FROM public.companies_ten_shards_1217 c_1 WHERE true) c ON ((intermediate_result.id = c.id))) WHERE true;set distdb.isExplainAnalyze to false;",
                                    "Plan": {
                                        "Node Type": "Hash Join",
                                        "Parallel Aware": false,
                                        "Join Type": "Inner",
                                        "Startup Cost": 34.08,
                                        "Total Cost": 46.71,
                                        "Plan Rows": 1000,
                                        "Plan Width": 220,
                                        "Actual Startup Time": 1.126,
                                        "Actual Total Time": 1.146,
                                        "Actual Rows": 6,
                                        "Actual Loops": 1,
                                        "Output": [
                                            "intermediate_result_1.id",
                                            "intermediate_result_1.company_id",
                                            "intermediate_result_1.first_name",
                                            "intermediate_result_1.last_name",
                                            "intermediate_result_1.gender",
                                            "intermediate_result_1.dob",
                                            "intermediate_result_1.age",
                                            "intermediate_result_1.date_of_joining",
                                            "intermediate_result_1.quarter_of_joining",
                                            "intermediate_result_1.home_location",
                                            "intermediate_result_1.work_location",
                                            "intermediate_result_1.department_id",
                                            "c_1.id",
                                            "c_1.name",
                                            "c_1.revenue",
                                            "c_1.created_at"
                                        ],
                                        "Inner Unique": true,
                                        "Hash Cond": "(intermediate_result_1.id = c_1.id)",
                                        "Shared Hit Blocks": 0,
                                        "Shared Read Blocks": 1,
                                        "Shared Dirtied Blocks": 0,
                                        "Shared Written Blocks": 0,
                                        "Local Hit Blocks": 0,
                                        "Local Read Blocks": 0,
                                        "Local Dirtied Blocks": 0,
                                        "Local Written Blocks": 0,
                                        "Temp Read Blocks": 0,
                                        "Temp Written Blocks": 0,
                                        "Plans": [
                                            {
                                                "Node Type": "Function Scan",
                                                "Parent Relationship": "Outer",
                                                "Parallel Aware": false,
                                                "Function Name": "worker_read_intermediate_results",
                                                "Schema": "pg_catalog",
                                                "Alias": "intermediate_result_1",
                                                "Startup Cost": 0.00,
                                                "Total Cost": 10.00,
                                                "Plan Rows": 1000,
                                                "Plan Width": 172,
                                                "Actual Startup Time": 0.597,
                                                "Actual Total Time": 0.605,
                                                "Actual Rows": 257,
                                                "Actual Loops": 1,
                                                "Output": [
                                                    "intermediate_result_1.id",
                                                    "intermediate_result_1.company_id",
                                                    "intermediate_result_1.first_name",
                                                    "intermediate_result_1.last_name",
                                                    "intermediate_result_1.gender",
                                                    "intermediate_result_1.dob",
                                                    "intermediate_result_1.age",
                                                    "intermediate_result_1.date_of_joining",
                                                    "intermediate_result_1.quarter_of_joining",
                                                    "intermediate_result_1.home_location",
                                                    "intermediate_result_1.work_location",
                                                    "intermediate_result_1.department_id"
                                                ],
                                                "Function Call": "worker_read_intermediate_results(1, 1217, true)",
                                                "Shared Hit Blocks": 0,
                                                "Shared Read Blocks": 0,
                                                "Shared Dirtied Blocks": 0,
                                                "Shared Written Blocks": 0,
                                                "Local Hit Blocks": 0,
                                                "Local Read Blocks": 0,
                                                "Local Dirtied Blocks": 0,
                                                "Local Written Blocks": 0,
                                                "Temp Read Blocks": 0,
                                                "Temp Written Blocks": 0
                                            },
                                            {
                                                "Node Type": "Hash",
                                                "Parent Relationship": "Inner",
                                                "Parallel Aware": false,
                                                "Startup Cost": 20.70,
                                                "Total Cost": 20.70,
                                                "Plan Rows": 1070,
                                                "Plan Width": 48,
                                                "Actual Startup Time": 0.518,
                                                "Actual Total Time": 0.518,
                                                "Actual Rows": 6,
                                                "Actual Loops": 1,
                                                "Output": [
                                                    "c_1.id",
                                                    "c_1.name",
                                                    "c_1.revenue",
                                                    "c_1.created_at"
                                                ],
                                                "Hash Buckets": 2048,
                                                "Original Hash Buckets": 2048,
                                                "Hash Batches": 1,
                                                "Original Hash Batches": 1,
                                                "Peak Memory Usage": 17,
                                                "Shared Hit Blocks": 0,
                                                "Shared Read Blocks": 1,
                                                "Shared Dirtied Blocks": 0,
                                                "Shared Written Blocks": 0,
                                                "Local Hit Blocks": 0,
                                                "Local Read Blocks": 0,
                                                "Local Dirtied Blocks": 0,
                                                "Local Written Blocks": 0,
                                                "Temp Read Blocks": 0,
                                                "Temp Written Blocks": 0,
                                                "Plans": [
                                                    {
                                                        "Node Type": "Seq Scan",
                                                        "Parent Relationship": "Outer",
                                                        "Parallel Aware": false,
                                                        "Relation Name": "companies_ten_shards_1217",
                                                        "Schema": "public",
                                                        "Alias": "c_1",
                                                        "Startup Cost": 0.00,
                                                        "Total Cost": 20.70,
                                                        "Plan Rows": 1070,
                                                        "Plan Width": 48,
                                                        "Actual Startup Time": 0.514,
                                                        "Actual Total Time": 0.515,
                                                        "Actual Rows": 6,
                                                        "Actual Loops": 1,
                                                        "Output": [
                                                            "c_1.id",
                                                            "c_1.name",
                                                            "c_1.revenue",
                                                            "c_1.created_at"
                                                        ],
                                                        "Shared Hit Blocks": 0,
                                                        "Shared Read Blocks": 1,
                                                        "Shared Dirtied Blocks": 0,
                                                        "Shared Written Blocks": 0,
                                                        "Local Hit Blocks": 0,
                                                        "Local Read Blocks": 0,
                                                        "Local Dirtied Blocks": 0,
                                                        "Local Written Blocks": 0,
                                                        "Temp Read Blocks": 0,
                                                        "Temp Written Blocks": 0
                                                    }
                                                ]
                                            }
                                        ]
                                    },
                                    "Total Time": 1.157
                                }
                            ]
                        },
                        {
                            "Task ID": 2,
                            "ClusterId": 2,
                            "Host": "localhost1",
                            "Port": 5430,
                            "TaskQuery": "SELECT intermediate_result.id, intermediate_result.company_id, intermediate_result.first_name, intermediate_result.last_name, intermediate_result.gender, intermediate_result.dob, intermediate_result.age, intermediate_result.date_of_joining, intermediate_result.quarter_of_joining, intermediate_result.home_location, intermediate_result.work_location, intermediate_result.department_id, c.id, c.name, c.revenue, c.created_at FROM ((SELECT intermediate_result_1.id, intermediate_result_1.company_id, intermediate_result_1.first_name, intermediate_result_1.last_name, intermediate_result_1.gender, intermediate_result_1.dob, intermediate_result_1.age, intermediate_result_1.date_of_joining, intermediate_result_1.quarter_of_joining, intermediate_result_1.home_location, intermediate_result_1.work_location, intermediate_result_1.department_id FROM worker_read_intermediate_results(1, 1218, true) intermediate_result_1(id integer, company_id integer, first_name text, last_name text, gender character(1), dob date, age integer, date_of_joining date, quarter_of_joining character(2), home_location text, work_location text, department_id integer) WHERE true) intermediate_result JOIN (SELECT c_1.id, c_1.name, c_1.revenue, c_1.created_at FROM public.companies_ten_shards_1218 c_1 WHERE true) c ON ((intermediate_result.id = c.id))) WHERE true",
                            "Remote Plan": [
                                {
                                    "Query Text": "set distdb.isExplainAnalyze to true;set distdb.explainAnalyzeFormat to json;SELECT intermediate_result.id, intermediate_result.company_id, intermediate_result.first_name, intermediate_result.last_name, intermediate_result.gender, intermediate_result.dob, intermediate_result.age, intermediate_result.date_of_joining, intermediate_result.quarter_of_joining, intermediate_result.home_location, intermediate_result.work_location, intermediate_result.department_id, c.id, c.name, c.revenue, c.created_at FROM ((SELECT intermediate_result_1.id, intermediate_result_1.company_id, intermediate_result_1.first_name, intermediate_result_1.last_name, intermediate_result_1.gender, intermediate_result_1.dob, intermediate_result_1.age, intermediate_result_1.date_of_joining, intermediate_result_1.quarter_of_joining, intermediate_result_1.home_location, intermediate_result_1.work_location, intermediate_result_1.department_id FROM worker_read_intermediate_results(1, 1218, true) intermediate_result_1(id integer, company_id integer, first_name text, last_name text, gender character(1), dob date, age integer, date_of_joining date, quarter_of_joining character(2), home_location text, work_location text, department_id integer) WHERE true) intermediate_result JOIN (SELECT c_1.id, c_1.name, c_1.revenue, c_1.created_at FROM public.companies_ten_shards_1218 c_1 WHERE true) c ON ((intermediate_result.id = c.id))) WHERE true;set distdb.isExplainAnalyze to false;",
                                    "Plan": {
                                        "Node Type": "Hash Join",
                                        "Parallel Aware": false,
                                        "Join Type": "Inner",
                                        "Startup Cost": 34.08,
                                        "Total Cost": 46.71,
                                        "Plan Rows": 1000,
                                        "Plan Width": 220,
                                        "Actual Startup Time": 1.503,
                                        "Actual Total Time": 1.523,
                                        "Actual Rows": 7,
                                        "Actual Loops": 1,
                                        "Output": [
                                            "intermediate_result_1.id",
                                            "intermediate_result_1.company_id",
                                            "intermediate_result_1.first_name",
                                            "intermediate_result_1.last_name",
                                            "intermediate_result_1.gender",
                                            "intermediate_result_1.dob",
                                            "intermediate_result_1.age",
                                            "intermediate_result_1.date_of_joining",
                                            "intermediate_result_1.quarter_of_joining",
                                            "intermediate_result_1.home_location",
                                            "intermediate_result_1.work_location",
                                            "intermediate_result_1.department_id",
                                            "c_1.id",
                                            "c_1.name",
                                            "c_1.revenue",
                                            "c_1.created_at"
                                        ],
                                        "Inner Unique": true,
                                        "Hash Cond": "(intermediate_result_1.id = c_1.id)",
                                        "Shared Hit Blocks": 0,
                                        "Shared Read Blocks": 1,
                                        "Shared Dirtied Blocks": 0,
                                        "Shared Written Blocks": 0,
                                        "Local Hit Blocks": 0,
                                        "Local Read Blocks": 0,
                                        "Local Dirtied Blocks": 0,
                                        "Local Written Blocks": 0,
                                        "Temp Read Blocks": 0,
                                        "Temp Written Blocks": 0,
                                        "Plans": [
                                            {
                                                "Node Type": "Function Scan",
                                                "Parent Relationship": "Outer",
                                                "Parallel Aware": false,
                                                "Function Name": "worker_read_intermediate_results",
                                                "Schema": "pg_catalog",
                                                "Alias": "intermediate_result_1",
                                                "Startup Cost": 0.00,
                                                "Total Cost": 10.00,
                                                "Plan Rows": 1000,
                                                "Plan Width": 172,
                                                "Actual Startup Time": 0.637,
                                                "Actual Total Time": 0.645,
                                                "Actual Rows": 264,
                                                "Actual Loops": 1,
                                                "Output": [
                                                    "intermediate_result_1.id",
                                                    "intermediate_result_1.company_id",
                                                    "intermediate_result_1.first_name",
                                                    "intermediate_result_1.last_name",
                                                    "intermediate_result_1.gender",
                                                    "intermediate_result_1.dob",
                                                    "intermediate_result_1.age",
                                                    "intermediate_result_1.date_of_joining",
                                                    "intermediate_result_1.quarter_of_joining",
                                                    "intermediate_result_1.home_location",
                                                    "intermediate_result_1.work_location",
                                                    "intermediate_result_1.department_id"
                                                ],
                                                "Function Call": "worker_read_intermediate_results(1, 1218, true)",
                                                "Shared Hit Blocks": 0,
                                                "Shared Read Blocks": 0,
                                                "Shared Dirtied Blocks": 0,
                                                "Shared Written Blocks": 0,
                                                "Local Hit Blocks": 0,
                                                "Local Read Blocks": 0,
                                                "Local Dirtied Blocks": 0,
                                                "Local Written Blocks": 0,
                                                "Temp Read Blocks": 0,
                                                "Temp Written Blocks": 0
                                            },
                                            {
                                                "Node Type": "Hash",
                                                "Parent Relationship": "Inner",
                                                "Parallel Aware": false,
                                                "Startup Cost": 20.70,
                                                "Total Cost": 20.70,
                                                "Plan Rows": 1070,
                                                "Plan Width": 48,
                                                "Actual Startup Time": 0.856,
                                                "Actual Total Time": 0.856,
                                                "Actual Rows": 7,
                                                "Actual Loops": 1,
                                                "Output": [
                                                    "c_1.id",
                                                    "c_1.name",
                                                    "c_1.revenue",
                                                    "c_1.created_at"
                                                ],
                                                "Hash Buckets": 2048,
                                                "Original Hash Buckets": 2048,
                                                "Hash Batches": 1,
                                                "Original Hash Batches": 1,
                                                "Peak Memory Usage": 17,
                                                "Shared Hit Blocks": 0,
                                                "Shared Read Blocks": 1,
                                                "Shared Dirtied Blocks": 0,
                                                "Shared Written Blocks": 0,
                                                "Local Hit Blocks": 0,
                                                "Local Read Blocks": 0,
                                                "Local Dirtied Blocks": 0,
                                                "Local Written Blocks": 0,
                                                "Temp Read Blocks": 0,
                                                "Temp Written Blocks": 0,
                                                "Plans": [
                                                    {
                                                        "Node Type": "Seq Scan",
                                                        "Parent Relationship": "Outer",
                                                        "Parallel Aware": false,
                                                        "Relation Name": "companies_ten_shards_1218",
                                                        "Schema": "public",
                                                        "Alias": "c_1",
                                                        "Startup Cost": 0.00,
                                                        "Total Cost": 20.70,
                                                        "Plan Rows": 1070,
                                                        "Plan Width": 48,
                                                        "Actual Startup Time": 0.852,
                                                        "Actual Total Time": 0.853,
                                                        "Actual Rows": 7,
                                                        "Actual Loops": 1,
                                                        "Output": [
                                                            "c_1.id",
                                                            "c_1.name",
                                                            "c_1.revenue",
                                                            "c_1.created_at"
                                                        ],
                                                        "Shared Hit Blocks": 0,
                                                        "Shared Read Blocks": 1,
                                                        "Shared Dirtied Blocks": 0,
                                                        "Shared Written Blocks": 0,
                                                        "Local Hit Blocks": 0,
                                                        "Local Read Blocks": 0,
                                                        "Local Dirtied Blocks": 0,
                                                        "Local Written Blocks": 0,
                                                        "Temp Read Blocks": 0,
                                                        "Temp Written Blocks": 0
                                                    }
                                                ]
                                            }
                                        ]
                                    },
                                    "Total Time": 1.535
                                }
                            ]
                        },
                        {
                            "Task ID": 3,
                            "ClusterId": 1,
                            "Host": "localhost1",
                            "Port": 5431,
                            "TaskQuery": "SELECT intermediate_result.id, intermediate_result.company_id, intermediate_result.first_name, intermediate_result.last_name, intermediate_result.gender, intermediate_result.dob, intermediate_result.age, intermediate_result.date_of_joining, intermediate_result.quarter_of_joining, intermediate_result.home_location, intermediate_result.work_location, intermediate_result.department_id, c.id, c.name, c.revenue, c.created_at FROM ((SELECT intermediate_result_1.id, intermediate_result_1.company_id, intermediate_result_1.first_name, intermediate_result_1.last_name, intermediate_result_1.gender, intermediate_result_1.dob, intermediate_result_1.age, intermediate_result_1.date_of_joining, intermediate_result_1.quarter_of_joining, intermediate_result_1.home_location, intermediate_result_1.work_location, intermediate_result_1.department_id FROM worker_read_intermediate_results(1, 1219, true) intermediate_result_1(id integer, company_id integer, first_name text, last_name text, gender character(1), dob date, age integer, date_of_joining date, quarter_of_joining character(2), home_location text, work_location text, department_id integer) WHERE true) intermediate_result JOIN (SELECT c_1.id, c_1.name, c_1.revenue, c_1.created_at FROM public.companies_ten_shards_1219 c_1 WHERE true) c ON ((intermediate_result.id = c.id))) WHERE true",
                            "Remote Plan": [
                                {
                                    "Query Text": "set distdb.isExplainAnalyze to true;set distdb.explainAnalyzeFormat to json;SELECT intermediate_result.id, intermediate_result.company_id, intermediate_result.first_name, intermediate_result.last_name, intermediate_result.gender, intermediate_result.dob, intermediate_result.age, intermediate_result.date_of_joining, intermediate_result.quarter_of_joining, intermediate_result.home_location, intermediate_result.work_location, intermediate_result.department_id, c.id, c.name, c.revenue, c.created_at FROM ((SELECT intermediate_result_1.id, intermediate_result_1.company_id, intermediate_result_1.first_name, intermediate_result_1.last_name, intermediate_result_1.gender, intermediate_result_1.dob, intermediate_result_1.age, intermediate_result_1.date_of_joining, intermediate_result_1.quarter_of_joining, intermediate_result_1.home_location, intermediate_result_1.work_location, intermediate_result_1.department_id FROM worker_read_intermediate_results(1, 1219, true) intermediate_result_1(id integer, company_id integer, first_name text, last_name text, gender character(1), dob date, age integer, date_of_joining date, quarter_of_joining character(2), home_location text, work_location text, department_id integer) WHERE true) intermediate_result JOIN (SELECT c_1.id, c_1.name, c_1.revenue, c_1.created_at FROM public.companies_ten_shards_1219 c_1 WHERE true) c ON ((intermediate_result.id = c.id))) WHERE true;set distdb.isExplainAnalyze to false;",
                                    "Plan": {
                                        "Node Type": "Hash Join",
                                        "Parallel Aware": false,
                                        "Join Type": "Inner",
                                        "Startup Cost": 34.08,
                                        "Total Cost": 46.71,
                                        "Plan Rows": 1000,
                                        "Plan Width": 220,
                                        "Actual Startup Time": 0.701,
                                        "Actual Total Time": 0.719,
                                        "Actual Rows": 5,
                                        "Actual Loops": 1,
                                        "Output": [
                                            "intermediate_result_1.id",
                                            "intermediate_result_1.company_id",
                                            "intermediate_result_1.first_name",
                                            "intermediate_result_1.last_name",
                                            "intermediate_result_1.gender",
                                            "intermediate_result_1.dob",
                                            "intermediate_result_1.age",
                                            "intermediate_result_1.date_of_joining",
                                            "intermediate_result_1.quarter_of_joining",
                                            "intermediate_result_1.home_location",
                                            "intermediate_result_1.work_location",
                                            "intermediate_result_1.department_id",
                                            "c_1.id",
                                            "c_1.name",
                                            "c_1.revenue",
                                            "c_1.created_at"
                                        ],
                                        "Inner Unique": true,
                                        "Hash Cond": "(intermediate_result_1.id = c_1.id)",
                                        "Shared Hit Blocks": 0,
                                        "Shared Read Blocks": 1,
                                        "Shared Dirtied Blocks": 0,
                                        "Shared Written Blocks": 0,
                                        "Local Hit Blocks": 0,
                                        "Local Read Blocks": 0,
                                        "Local Dirtied Blocks": 0,
                                        "Local Written Blocks": 0,
                                        "Temp Read Blocks": 0,
                                        "Temp Written Blocks": 0,
                                        "Plans": [
                                            {
                                                "Node Type": "Function Scan",
                                                "Parent Relationship": "Outer",
                                                "Parallel Aware": false,
                                                "Function Name": "worker_read_intermediate_results",
                                                "Schema": "pg_catalog",
                                                "Alias": "intermediate_result_1",
                                                "Startup Cost": 0.00,
                                                "Total Cost": 10.00,
                                                "Plan Rows": 1000,
                                                "Plan Width": 172,
                                                "Actual Startup Time": 0.642,
                                                "Actual Total Time": 0.650,
                                                "Actual Rows": 272,
                                                "Actual Loops": 1,
                                                "Output": [
                                                    "intermediate_result_1.id",
                                                    "intermediate_result_1.company_id",
                                                    "intermediate_result_1.first_name",
                                                    "intermediate_result_1.last_name",
                                                    "intermediate_result_1.gender",
                                                    "intermediate_result_1.dob",
                                                    "intermediate_result_1.age",
                                                    "intermediate_result_1.date_of_joining",
                                                    "intermediate_result_1.quarter_of_joining",
                                                    "intermediate_result_1.home_location",
                                                    "intermediate_result_1.work_location",
                                                    "intermediate_result_1.department_id"
                                                ],
                                                "Function Call": "worker_read_intermediate_results(1, 1219, true)",
                                                "Shared Hit Blocks": 0,
                                                "Shared Read Blocks": 0,
                                                "Shared Dirtied Blocks": 0,
                                                "Shared Written Blocks": 0,
                                                "Local Hit Blocks": 0,
                                                "Local Read Blocks": 0,
                                                "Local Dirtied Blocks": 0,
                                                "Local Written Blocks": 0,
                                                "Temp Read Blocks": 0,
                                                "Temp Written Blocks": 0
                                            },
                                            {
                                                "Node Type": "Hash",
                                                "Parent Relationship": "Inner",
                                                "Parallel Aware": false,
                                                "Startup Cost": 20.70,
                                                "Total Cost": 20.70,
                                                "Plan Rows": 1070,
                                                "Plan Width": 48,
                                                "Actual Startup Time": 0.050,
                                                "Actual Total Time": 0.050,
                                                "Actual Rows": 5,
                                                "Actual Loops": 1,
                                                "Output": [
                                                    "c_1.id",
                                                    "c_1.name",
                                                    "c_1.revenue",
                                                    "c_1.created_at"
                                                ],
                                                "Hash Buckets": 2048,
                                                "Original Hash Buckets": 2048,
                                                "Hash Batches": 1,
                                                "Original Hash Batches": 1,
                                                "Peak Memory Usage": 17,
                                                "Shared Hit Blocks": 0,
                                                "Shared Read Blocks": 1,
                                                "Shared Dirtied Blocks": 0,
                                                "Shared Written Blocks": 0,
                                                "Local Hit Blocks": 0,
                                                "Local Read Blocks": 0,
                                                "Local Dirtied Blocks": 0,
                                                "Local Written Blocks": 0,
                                                "Temp Read Blocks": 0,
                                                "Temp Written Blocks": 0,
                                                "Plans": [
                                                    {
                                                        "Node Type": "Seq Scan",
                                                        "Parent Relationship": "Outer",
                                                        "Parallel Aware": false,
                                                        "Relation Name": "companies_ten_shards_1219",
                                                        "Schema": "public",
                                                        "Alias": "c_1",
                                                        "Startup Cost": 0.00,
                                                        "Total Cost": 20.70,
                                                        "Plan Rows": 1070,
                                                        "Plan Width": 48,
                                                        "Actual Startup Time": 0.044,
                                                        "Actual Total Time": 0.045,
                                                        "Actual Rows": 5,
                                                        "Actual Loops": 1,
                                                        "Output": [
                                                            "c_1.id",
                                                            "c_1.name",
                                                            "c_1.revenue",
                                                            "c_1.created_at"
                                                        ],
                                                        "Shared Hit Blocks": 0,
                                                        "Shared Read Blocks": 1,
                                                        "Shared Dirtied Blocks": 0,
                                                        "Shared Written Blocks": 0,
                                                        "Local Hit Blocks": 0,
                                                        "Local Read Blocks": 0,
                                                        "Local Dirtied Blocks": 0,
                                                        "Local Written Blocks": 0,
                                                        "Temp Read Blocks": 0,
                                                        "Temp Written Blocks": 0
                                                    }
                                                ]
                                            }
                                        ]
                                    },
                                    "Total Time": 0.727
                                }
                            ]
                        },
                        {
                            "Task ID": 4,
                            "ClusterId": 2,
                            "Host": "localhost2",
                            "Port": 5430,
                            "TaskQuery": "SELECT intermediate_result.id, intermediate_result.company_id, intermediate_result.first_name, intermediate_result.last_name, intermediate_result.gender, intermediate_result.dob, intermediate_result.age, intermediate_result.date_of_joining, intermediate_result.quarter_of_joining, intermediate_result.home_location, intermediate_result.work_location, intermediate_result.department_id, c.id, c.name, c.revenue, c.created_at FROM ((SELECT intermediate_result_1.id, intermediate_result_1.company_id, intermediate_result_1.first_name, intermediate_result_1.last_name, intermediate_result_1.gender, intermediate_result_1.dob, intermediate_result_1.age, intermediate_result_1.date_of_joining, intermediate_result_1.quarter_of_joining, intermediate_result_1.home_location, intermediate_result_1.work_location, intermediate_result_1.department_id FROM worker_read_intermediate_results(1, 1220, true) intermediate_result_1(id integer, company_id integer, first_name text, last_name text, gender character(1), dob date, age integer, date_of_joining date, quarter_of_joining character(2), home_location text, work_location text, department_id integer) WHERE true) intermediate_result JOIN (SELECT c_1.id, c_1.name, c_1.revenue, c_1.created_at FROM public.companies_ten_shards_1220 c_1 WHERE true) c ON ((intermediate_result.id = c.id))) WHERE true",
                            "Remote Plan": [
                                {
                                    "Query Text": "set distdb.isExplainAnalyze to true;set distdb.explainAnalyzeFormat to json;SELECT intermediate_result.id, intermediate_result.company_id, intermediate_result.first_name, intermediate_result.last_name, intermediate_result.gender, intermediate_result.dob, intermediate_result.age, intermediate_result.date_of_joining, intermediate_result.quarter_of_joining, intermediate_result.home_location, intermediate_result.work_location, intermediate_result.department_id, c.id, c.name, c.revenue, c.created_at FROM ((SELECT intermediate_result_1.id, intermediate_result_1.company_id, intermediate_result_1.first_name, intermediate_result_1.last_name, intermediate_result_1.gender, intermediate_result_1.dob, intermediate_result_1.age, intermediate_result_1.date_of_joining, intermediate_result_1.quarter_of_joining, intermediate_result_1.home_location, intermediate_result_1.work_location, intermediate_result_1.department_id FROM worker_read_intermediate_results(1, 1220, true) intermediate_result_1(id integer, company_id integer, first_name text, last_name text, gender character(1), dob date, age integer, date_of_joining date, quarter_of_joining character(2), home_location text, work_location text, department_id integer) WHERE true) intermediate_result JOIN (SELECT c_1.id, c_1.name, c_1.revenue, c_1.created_at FROM public.companies_ten_shards_1220 c_1 WHERE true) c ON ((intermediate_result.id = c.id))) WHERE true;set distdb.isExplainAnalyze to false;",
                                    "Plan": {
                                        "Node Type": "Hash Join",
                                        "Parallel Aware": false,
                                        "Join Type": "Inner",
                                        "Startup Cost": 34.08,
                                        "Total Cost": 46.71,
                                        "Plan Rows": 1000,
                                        "Plan Width": 220,
                                        "Actual Startup Time": 0.631,
                                        "Actual Total Time": 0.649,
                                        "Actual Rows": 2,
                                        "Actual Loops": 1,
                                        "Output": [
                                            "intermediate_result_1.id",
                                            "intermediate_result_1.company_id",
                                            "intermediate_result_1.first_name",
                                            "intermediate_result_1.last_name",
                                            "intermediate_result_1.gender",
                                            "intermediate_result_1.dob",
                                            "intermediate_result_1.age",
                                            "intermediate_result_1.date_of_joining",
                                            "intermediate_result_1.quarter_of_joining",
                                            "intermediate_result_1.home_location",
                                            "intermediate_result_1.work_location",
                                            "intermediate_result_1.department_id",
                                            "c_1.id",
                                            "c_1.name",
                                            "c_1.revenue",
                                            "c_1.created_at"
                                        ],
                                        "Inner Unique": true,
                                        "Hash Cond": "(intermediate_result_1.id = c_1.id)",
                                        "Shared Hit Blocks": 0,
                                        "Shared Read Blocks": 1,
                                        "Shared Dirtied Blocks": 0,
                                        "Shared Written Blocks": 0,
                                        "Local Hit Blocks": 0,
                                        "Local Read Blocks": 0,
                                        "Local Dirtied Blocks": 0,
                                        "Local Written Blocks": 0,
                                        "Temp Read Blocks": 0,
                                        "Temp Written Blocks": 0,
                                        "Plans": [
                                            {
                                                "Node Type": "Function Scan",
                                                "Parent Relationship": "Outer",
                                                "Parallel Aware": false,
                                                "Function Name": "worker_read_intermediate_results",
                                                "Schema": "pg_catalog",
                                                "Alias": "intermediate_result_1",
                                                "Startup Cost": 0.00,
                                                "Total Cost": 10.00,
                                                "Plan Rows": 1000,
                                                "Plan Width": 172,
                                                "Actual Startup Time": 0.574,
                                                "Actual Total Time": 0.581,
                                                "Actual Rows": 247,
                                                "Actual Loops": 1,
                                                "Output": [
                                                    "intermediate_result_1.id",
                                                    "intermediate_result_1.company_id",
                                                    "intermediate_result_1.first_name",
                                                    "intermediate_result_1.last_name",
                                                    "intermediate_result_1.gender",
                                                    "intermediate_result_1.dob",
                                                    "intermediate_result_1.age",
                                                    "intermediate_result_1.date_of_joining",
                                                    "intermediate_result_1.quarter_of_joining",
                                                    "intermediate_result_1.home_location",
                                                    "intermediate_result_1.work_location",
                                                    "intermediate_result_1.department_id"
                                                ],
                                                "Function Call": "worker_read_intermediate_results(1, 1220, true)",
                                                "Shared Hit Blocks": 0,
                                                "Shared Read Blocks": 0,
                                                "Shared Dirtied Blocks": 0,
                                                "Shared Written Blocks": 0,
                                                "Local Hit Blocks": 0,
                                                "Local Read Blocks": 0,
                                                "Local Dirtied Blocks": 0,
                                                "Local Written Blocks": 0,
                                                "Temp Read Blocks": 0,
                                                "Temp Written Blocks": 0
                                            },
                                            {
                                                "Node Type": "Hash",
                                                "Parent Relationship": "Inner",
                                                "Parallel Aware": false,
                                                "Startup Cost": 20.70,
                                                "Total Cost": 20.70,
                                                "Plan Rows": 1070,
                                                "Plan Width": 48,
                                                "Actual Startup Time": 0.048,
                                                "Actual Total Time": 0.049,
                                                "Actual Rows": 2,
                                                "Actual Loops": 1,
                                                "Output": [
                                                    "c_1.id",
                                                    "c_1.name",
                                                    "c_1.revenue",
                                                    "c_1.created_at"
                                                ],
                                                "Hash Buckets": 2048,
                                                "Original Hash Buckets": 2048,
                                                "Hash Batches": 1,
                                                "Original Hash Batches": 1,
                                                "Peak Memory Usage": 17,
                                                "Shared Hit Blocks": 0,
                                                "Shared Read Blocks": 1,
                                                "Shared Dirtied Blocks": 0,
                                                "Shared Written Blocks": 0,
                                                "Local Hit Blocks": 0,
                                                "Local Read Blocks": 0,
                                                "Local Dirtied Blocks": 0,
                                                "Local Written Blocks": 0,
                                                "Temp Read Blocks": 0,
                                                "Temp Written Blocks": 0,
                                                "Plans": [
                                                    {
                                                        "Node Type": "Seq Scan",
                                                        "Parent Relationship": "Outer",
                                                        "Parallel Aware": false,
                                                        "Relation Name": "companies_ten_shards_1220",
                                                        "Schema": "public",
                                                        "Alias": "c_1",
                                                        "Startup Cost": 0.00,
                                                        "Total Cost": 20.70,
                                                        "Plan Rows": 1070,
                                                        "Plan Width": 48,
                                                        "Actual Startup Time": 0.045,
                                                        "Actual Total Time": 0.046,
                                                        "Actual Rows": 2,
                                                        "Actual Loops": 1,
                                                        "Output": [
                                                            "c_1.id",
                                                            "c_1.name",
                                                            "c_1.revenue",
                                                            "c_1.created_at"
                                                        ],
                                                        "Shared Hit Blocks": 0,
                                                        "Shared Read Blocks": 1,
                                                        "Shared Dirtied Blocks": 0,
                                                        "Shared Written Blocks": 0,
                                                        "Local Hit Blocks": 0,
                                                        "Local Read Blocks": 0,
                                                        "Local Dirtied Blocks": 0,
                                                        "Local Written Blocks": 0,
                                                        "Temp Read Blocks": 0,
                                                        "Temp Written Blocks": 0
                                                    }
                                                ]
                                            }
                                        ]
                                    },
                                    "Total Time": 0.654
                                }
                            ]
                        },
                        {
                            "Task ID": 5,
                            "ClusterId": 1,
                            "Host": "localhost",
                            "Port": 5431,
                            "TaskQuery": "SELECT intermediate_result.id, intermediate_result.company_id, intermediate_result.first_name, intermediate_result.last_name, intermediate_result.gender, intermediate_result.dob, intermediate_result.age, intermediate_result.date_of_joining, intermediate_result.quarter_of_joining, intermediate_result.home_location, intermediate_result.work_location, intermediate_result.department_id, c.id, c.name, c.revenue, c.created_at FROM ((SELECT intermediate_result_1.id, intermediate_result_1.company_id, intermediate_result_1.first_name, intermediate_result_1.last_name, intermediate_result_1.gender, intermediate_result_1.dob, intermediate_result_1.age, intermediate_result_1.date_of_joining, intermediate_result_1.quarter_of_joining, intermediate_result_1.home_location, intermediate_result_1.work_location, intermediate_result_1.department_id FROM worker_read_intermediate_results(1, 1221, true) intermediate_result_1(id integer, company_id integer, first_name text, last_name text, gender character(1), dob date, age integer, date_of_joining date, quarter_of_joining character(2), home_location text, work_location text, department_id integer) WHERE true) intermediate_result JOIN (SELECT c_1.id, c_1.name, c_1.revenue, c_1.created_at FROM public.companies_ten_shards_1221 c_1 WHERE true) c ON ((intermediate_result.id = c.id))) WHERE true",
                            "Remote Plan": [
                                {
                                    "Query Text": "set distdb.isExplainAnalyze to true;set distdb.explainAnalyzeFormat to json;SELECT intermediate_result.id, intermediate_result.company_id, intermediate_result.first_name, intermediate_result.last_name, intermediate_result.gender, intermediate_result.dob, intermediate_result.age, intermediate_result.date_of_joining, intermediate_result.quarter_of_joining, intermediate_result.home_location, intermediate_result.work_location, intermediate_result.department_id, c.id, c.name, c.revenue, c.created_at FROM ((SELECT intermediate_result_1.id, intermediate_result_1.company_id, intermediate_result_1.first_name, intermediate_result_1.last_name, intermediate_result_1.gender, intermediate_result_1.dob, intermediate_result_1.age, intermediate_result_1.date_of_joining, intermediate_result_1.quarter_of_joining, intermediate_result_1.home_location, intermediate_result_1.work_location, intermediate_result_1.department_id FROM worker_read_intermediate_results(1, 1221, true) intermediate_result_1(id integer, company_id integer, first_name text, last_name text, gender character(1), dob date, age integer, date_of_joining date, quarter_of_joining character(2), home_location text, work_location text, department_id integer) WHERE true) intermediate_result JOIN (SELECT c_1.id, c_1.name, c_1.revenue, c_1.created_at FROM public.companies_ten_shards_1221 c_1 WHERE true) c ON ((intermediate_result.id = c.id))) WHERE true;set distdb.isExplainAnalyze to false;",
                                    "Plan": {
                                        "Node Type": "Hash Join",
                                        "Parallel Aware": false,
                                        "Join Type": "Inner",
                                        "Startup Cost": 34.08,
                                        "Total Cost": 46.71,
                                        "Plan Rows": 1000,
                                        "Plan Width": 220,
                                        "Actual Startup Time": 0.860,
                                        "Actual Total Time": 0.880,
                                        "Actual Rows": 5,
                                        "Actual Loops": 1,
                                        "Output": [
                                            "intermediate_result_1.id",
                                            "intermediate_result_1.company_id",
                                            "intermediate_result_1.first_name",
                                            "intermediate_result_1.last_name",
                                            "intermediate_result_1.gender",
                                            "intermediate_result_1.dob",
                                            "intermediate_result_1.age",
                                            "intermediate_result_1.date_of_joining",
                                            "intermediate_result_1.quarter_of_joining",
                                            "intermediate_result_1.home_location",
                                            "intermediate_result_1.work_location",
                                            "intermediate_result_1.department_id",
                                            "c_1.id",
                                            "c_1.name",
                                            "c_1.revenue",
                                            "c_1.created_at"
                                        ],
                                        "Inner Unique": true,
                                        "Hash Cond": "(intermediate_result_1.id = c_1.id)",
                                        "Shared Hit Blocks": 0,
                                        "Shared Read Blocks": 1,
                                        "Shared Dirtied Blocks": 0,
                                        "Shared Written Blocks": 0,
                                        "Local Hit Blocks": 0,
                                        "Local Read Blocks": 0,
                                        "Local Dirtied Blocks": 0,
                                        "Local Written Blocks": 0,
                                        "Temp Read Blocks": 0,
                                        "Temp Written Blocks": 0,
                                        "Plans": [
                                            {
                                                "Node Type": "Function Scan",
                                                "Parent Relationship": "Outer",
                                                "Parallel Aware": false,
                                                "Function Name": "worker_read_intermediate_results",
                                                "Schema": "pg_catalog",
                                                "Alias": "intermediate_result_1",
                                                "Startup Cost": 0.00,
                                                "Total Cost": 10.00,
                                                "Plan Rows": 1000,
                                                "Plan Width": 172,
                                                "Actual Startup Time": 0.629,
                                                "Actual Total Time": 0.637,
                                                "Actual Rows": 267,
                                                "Actual Loops": 1,
                                                "Output": [
                                                    "intermediate_result_1.id",
                                                    "intermediate_result_1.company_id",
                                                    "intermediate_result_1.first_name",
                                                    "intermediate_result_1.last_name",
                                                    "intermediate_result_1.gender",
                                                    "intermediate_result_1.dob",
                                                    "intermediate_result_1.age",
                                                    "intermediate_result_1.date_of_joining",
                                                    "intermediate_result_1.quarter_of_joining",
                                                    "intermediate_result_1.home_location",
                                                    "intermediate_result_1.work_location",
                                                    "intermediate_result_1.department_id"
                                                ],
                                                "Function Call": "worker_read_intermediate_results(1, 1221, true)",
                                                "Shared Hit Blocks": 0,
                                                "Shared Read Blocks": 0,
                                                "Shared Dirtied Blocks": 0,
                                                "Shared Written Blocks": 0,
                                                "Local Hit Blocks": 0,
                                                "Local Read Blocks": 0,
                                                "Local Dirtied Blocks": 0,
                                                "Local Written Blocks": 0,
                                                "Temp Read Blocks": 0,
                                                "Temp Written Blocks": 0
                                            },
                                            {
                                                "Node Type": "Hash",
                                                "Parent Relationship": "Inner",
                                                "Parallel Aware": false,
                                                "Startup Cost": 20.70,
                                                "Total Cost": 20.70,
                                                "Plan Rows": 1070,
                                                "Plan Width": 48,
                                                "Actual Startup Time": 0.218,
                                                "Actual Total Time": 0.218,
                                                "Actual Rows": 5,
                                                "Actual Loops": 1,
                                                "Output": [
                                                    "c_1.id",
                                                    "c_1.name",
                                                    "c_1.revenue",
                                                    "c_1.created_at"
                                                ],
                                                "Hash Buckets": 2048,
                                                "Original Hash Buckets": 2048,
                                                "Hash Batches": 1,
                                                "Original Hash Batches": 1,
                                                "Peak Memory Usage": 17,
                                                "Shared Hit Blocks": 0,
                                                "Shared Read Blocks": 1,
                                                "Shared Dirtied Blocks": 0,
                                                "Shared Written Blocks": 0,
                                                "Local Hit Blocks": 0,
                                                "Local Read Blocks": 0,
                                                "Local Dirtied Blocks": 0,
                                                "Local Written Blocks": 0,
                                                "Temp Read Blocks": 0,
                                                "Temp Written Blocks": 0,
                                                "Plans": [
                                                    {
                                                        "Node Type": "Seq Scan",
                                                        "Parent Relationship": "Outer",
                                                        "Parallel Aware": false,
                                                        "Relation Name": "companies_ten_shards_1221",
                                                        "Schema": "public",
                                                        "Alias": "c_1",
                                                        "Startup Cost": 0.00,
                                                        "Total Cost": 20.70,
                                                        "Plan Rows": 1070,
                                                        "Plan Width": 48,
                                                        "Actual Startup Time": 0.213,
                                                        "Actual Total Time": 0.213,
                                                        "Actual Rows": 5,
                                                        "Actual Loops": 1,
                                                        "Output": [
                                                            "c_1.id",
                                                            "c_1.name",
                                                            "c_1.revenue",
                                                            "c_1.created_at"
                                                        ],
                                                        "Shared Hit Blocks": 0,
                                                        "Shared Read Blocks": 1,
                                                        "Shared Dirtied Blocks": 0,
                                                        "Shared Written Blocks": 0,
                                                        "Local Hit Blocks": 0,
                                                        "Local Read Blocks": 0,
                                                        "Local Dirtied Blocks": 0,
                                                        "Local Written Blocks": 0,
                                                        "Temp Read Blocks": 0,
                                                        "Temp Written Blocks": 0
                                                    }
                                                ]
                                            }
                                        ]
                                    },
                                    "Total Time": 0.891
                                }
                            ]
                        },
                        {
                            "Task ID": 6,
                            "ClusterId": 2,
                            "Host": "localhost2",
                            "Port": 5430,
                            "TaskQuery": "SELECT intermediate_result.id, intermediate_result.company_id, intermediate_result.first_name, intermediate_result.last_name, intermediate_result.gender, intermediate_result.dob, intermediate_result.age, intermediate_result.date_of_joining, intermediate_result.quarter_of_joining, intermediate_result.home_location, intermediate_result.work_location, intermediate_result.department_id, c.id, c.name, c.revenue, c.created_at FROM ((SELECT intermediate_result_1.id, intermediate_result_1.company_id, intermediate_result_1.first_name, intermediate_result_1.last_name, intermediate_result_1.gender, intermediate_result_1.dob, intermediate_result_1.age, intermediate_result_1.date_of_joining, intermediate_result_1.quarter_of_joining, intermediate_result_1.home_location, intermediate_result_1.work_location, intermediate_result_1.department_id FROM worker_read_intermediate_results(1, 1222, true) intermediate_result_1(id integer, company_id integer, first_name text, last_name text, gender character(1), dob date, age integer, date_of_joining date, quarter_of_joining character(2), home_location text, work_location text, department_id integer) WHERE true) intermediate_result JOIN (SELECT c_1.id, c_1.name, c_1.revenue, c_1.created_at FROM public.companies_ten_shards_1222 c_1 WHERE true) c ON ((intermediate_result.id = c.id))) WHERE true",
                            "Remote Plan": [
                                {
                                    "Query Text": "set distdb.isExplainAnalyze to true;set distdb.explainAnalyzeFormat to json;SELECT intermediate_result.id, intermediate_result.company_id, intermediate_result.first_name, intermediate_result.last_name, intermediate_result.gender, intermediate_result.dob, intermediate_result.age, intermediate_result.date_of_joining, intermediate_result.quarter_of_joining, intermediate_result.home_location, intermediate_result.work_location, intermediate_result.department_id, c.id, c.name, c.revenue, c.created_at FROM ((SELECT intermediate_result_1.id, intermediate_result_1.company_id, intermediate_result_1.first_name, intermediate_result_1.last_name, intermediate_result_1.gender, intermediate_result_1.dob, intermediate_result_1.age, intermediate_result_1.date_of_joining, intermediate_result_1.quarter_of_joining, intermediate_result_1.home_location, intermediate_result_1.work_location, intermediate_result_1.department_id FROM worker_read_intermediate_results(1, 1222, true) intermediate_result_1(id integer, company_id integer, first_name text, last_name text, gender character(1), dob date, age integer, date_of_joining date, quarter_of_joining character(2), home_location text, work_location text, department_id integer) WHERE true) intermediate_result JOIN (SELECT c_1.id, c_1.name, c_1.revenue, c_1.created_at FROM public.companies_ten_shards_1222 c_1 WHERE true) c ON ((intermediate_result.id = c.id))) WHERE true;set distdb.isExplainAnalyze to false;",
                                    "Plan": {
                                        "Node Type": "Hash Join",
                                        "Parallel Aware": false,
                                        "Join Type": "Inner",
                                        "Startup Cost": 34.08,
                                        "Total Cost": 46.71,
                                        "Plan Rows": 1000,
                                        "Plan Width": 220,
                                        "Actual Startup Time": 0.566,
                                        "Actual Total Time": 0.566,
                                        "Actual Rows": 0,
                                        "Actual Loops": 1,
                                        "Output": [
                                            "intermediate_result_1.id",
                                            "intermediate_result_1.company_id",
                                            "intermediate_result_1.first_name",
                                            "intermediate_result_1.last_name",
                                            "intermediate_result_1.gender",
                                            "intermediate_result_1.dob",
                                            "intermediate_result_1.age",
                                            "intermediate_result_1.date_of_joining",
                                            "intermediate_result_1.quarter_of_joining",
                                            "intermediate_result_1.home_location",
                                            "intermediate_result_1.work_location",
                                            "intermediate_result_1.department_id",
                                            "c_1.id",
                                            "c_1.name",
                                            "c_1.revenue",
                                            "c_1.created_at"
                                        ],
                                        "Inner Unique": true,
                                        "Hash Cond": "(intermediate_result_1.id = c_1.id)",
                                        "Shared Hit Blocks": 0,
                                        "Shared Read Blocks": 0,
                                        "Shared Dirtied Blocks": 0,
                                        "Shared Written Blocks": 0,
                                        "Local Hit Blocks": 0,
                                        "Local Read Blocks": 0,
                                        "Local Dirtied Blocks": 0,
                                        "Local Written Blocks": 0,
                                        "Temp Read Blocks": 0,
                                        "Temp Written Blocks": 0,
                                        "Plans": [
                                            {
                                                "Node Type": "Function Scan",
                                                "Parent Relationship": "Outer",
                                                "Parallel Aware": false,
                                                "Function Name": "worker_read_intermediate_results",
                                                "Schema": "pg_catalog",
                                                "Alias": "intermediate_result_1",
                                                "Startup Cost": 0.00,
                                                "Total Cost": 10.00,
                                                "Plan Rows": 1000,
                                                "Plan Width": 172,
                                                "Actual Startup Time": 0.564,
                                                "Actual Total Time": 0.564,
                                                "Actual Rows": 1,
                                                "Actual Loops": 1,
                                                "Output": [
                                                    "intermediate_result_1.id",
                                                    "intermediate_result_1.company_id",
                                                    "intermediate_result_1.first_name",
                                                    "intermediate_result_1.last_name",
                                                    "intermediate_result_1.gender",
                                                    "intermediate_result_1.dob",
                                                    "intermediate_result_1.age",
                                                    "intermediate_result_1.date_of_joining",
                                                    "intermediate_result_1.quarter_of_joining",
                                                    "intermediate_result_1.home_location",
                                                    "intermediate_result_1.work_location",
                                                    "intermediate_result_1.department_id"
                                                ],
                                                "Function Call": "worker_read_intermediate_results(1, 1222, true)",
                                                "Shared Hit Blocks": 0,
                                                "Shared Read Blocks": 0,
                                                "Shared Dirtied Blocks": 0,
                                                "Shared Written Blocks": 0,
                                                "Local Hit Blocks": 0,
                                                "Local Read Blocks": 0,
                                                "Local Dirtied Blocks": 0,
                                                "Local Written Blocks": 0,
                                                "Temp Read Blocks": 0,
                                                "Temp Written Blocks": 0
                                            },
                                            {
                                                "Node Type": "Hash",
                                                "Parent Relationship": "Inner",
                                                "Parallel Aware": false,
                                                "Startup Cost": 20.70,
                                                "Total Cost": 20.70,
                                                "Plan Rows": 1070,
                                                "Plan Width": 48,
                                                "Actual Startup Time": 0.001,
                                                "Actual Total Time": 0.001,
                                                "Actual Rows": 0,
                                                "Actual Loops": 1,
                                                "Output": [
                                                    "c_1.id",
                                                    "c_1.name",
                                                    "c_1.revenue",
                                                    "c_1.created_at"
                                                ],
                                                "Hash Buckets": 2048,
                                                "Original Hash Buckets": 2048,
                                                "Hash Batches": 1,
                                                "Original Hash Batches": 1,
                                                "Peak Memory Usage": 16,
                                                "Shared Hit Blocks": 0,
                                                "Shared Read Blocks": 0,
                                                "Shared Dirtied Blocks": 0,
                                                "Shared Written Blocks": 0,
                                                "Local Hit Blocks": 0,
                                                "Local Read Blocks": 0,
                                                "Local Dirtied Blocks": 0,
                                                "Local Written Blocks": 0,
                                                "Temp Read Blocks": 0,
                                                "Temp Written Blocks": 0,
                                                "Plans": [
                                                    {
                                                        "Node Type": "Seq Scan",
                                                        "Parent Relationship": "Outer",
                                                        "Parallel Aware": false,
                                                        "Relation Name": "companies_ten_shards_1222",
                                                        "Schema": "public",
                                                        "Alias": "c_1",
                                                        "Startup Cost": 0.00,
                                                        "Total Cost": 20.70,
                                                        "Plan Rows": 1070,
                                                        "Plan Width": 48,
                                                        "Actual Startup Time": 0.001,
                                                        "Actual Total Time": 0.001,
                                                        "Actual Rows": 0,
                                                        "Actual Loops": 1,
                                                        "Output": [
                                                            "c_1.id",
                                                            "c_1.name",
                                                            "c_1.revenue",
                                                            "c_1.created_at"
                                                        ],
                                                        "Shared Hit Blocks": 0,
                                                        "Shared Read Blocks": 0,
                                                        "Shared Dirtied Blocks": 0,
                                                        "Shared Written Blocks": 0,
                                                        "Local Hit Blocks": 0,
                                                        "Local Read Blocks": 0,
                                                        "Local Dirtied Blocks": 0,
                                                        "Local Written Blocks": 0,
                                                        "Temp Read Blocks": 0,
                                                        "Temp Written Blocks": 0
                                                    }
                                                ]
                                            }
                                        ]
                                    },
                                    "Total Time": 0.568
                                }
                            ]
                        },
                        {
                            "Task ID": 7,
                            "ClusterId": 1,
                            "Host": "localhost",
                            "Port": 5431,
                            "TaskQuery": "SELECT intermediate_result.id, intermediate_result.company_id, intermediate_result.first_name, intermediate_result.last_name, intermediate_result.gender, intermediate_result.dob, intermediate_result.age, intermediate_result.date_of_joining, intermediate_result.quarter_of_joining, intermediate_result.home_location, intermediate_result.work_location, intermediate_result.department_id, c.id, c.name, c.revenue, c.created_at FROM ((SELECT intermediate_result_1.id, intermediate_result_1.company_id, intermediate_result_1.first_name, intermediate_result_1.last_name, intermediate_result_1.gender, intermediate_result_1.dob, intermediate_result_1.age, intermediate_result_1.date_of_joining, intermediate_result_1.quarter_of_joining, intermediate_result_1.home_location, intermediate_result_1.work_location, intermediate_result_1.department_id FROM worker_read_intermediate_results(1, 1223, true) intermediate_result_1(id integer, company_id integer, first_name text, last_name text, gender character(1), dob date, age integer, date_of_joining date, quarter_of_joining character(2), home_location text, work_location text, department_id integer) WHERE true) intermediate_result JOIN (SELECT c_1.id, c_1.name, c_1.revenue, c_1.created_at FROM public.companies_ten_shards_1223 c_1 WHERE true) c ON ((intermediate_result.id = c.id))) WHERE true",
                            "Remote Plan": [
                                {
                                    "Query Text": "set distdb.isExplainAnalyze to true;set distdb.explainAnalyzeFormat to json;SELECT intermediate_result.id, intermediate_result.company_id, intermediate_result.first_name, intermediate_result.last_name, intermediate_result.gender, intermediate_result.dob, intermediate_result.age, intermediate_result.date_of_joining, intermediate_result.quarter_of_joining, intermediate_result.home_location, intermediate_result.work_location, intermediate_result.department_id, c.id, c.name, c.revenue, c.created_at FROM ((SELECT intermediate_result_1.id, intermediate_result_1.company_id, intermediate_result_1.first_name, intermediate_result_1.last_name, intermediate_result_1.gender, intermediate_result_1.dob, intermediate_result_1.age, intermediate_result_1.date_of_joining, intermediate_result_1.quarter_of_joining, intermediate_result_1.home_location, intermediate_result_1.work_location, intermediate_result_1.department_id FROM worker_read_intermediate_results(1, 1223, true) intermediate_result_1(id integer, company_id integer, first_name text, last_name text, gender character(1), dob date, age integer, date_of_joining date, quarter_of_joining character(2), home_location text, work_location text, department_id integer) WHERE true) intermediate_result JOIN (SELECT c_1.id, c_1.name, c_1.revenue, c_1.created_at FROM public.companies_ten_shards_1223 c_1 WHERE true) c ON ((intermediate_result.id = c.id))) WHERE true;set distdb.isExplainAnalyze to false;",
                                    "Plan": {
                                        "Node Type": "Hash Join",
                                        "Parallel Aware": false,
                                        "Join Type": "Inner",
                                        "Startup Cost": 34.08,
                                        "Total Cost": 46.71,
                                        "Plan Rows": 1000,
                                        "Plan Width": 220,
                                        "Actual Startup Time": 0.603,
                                        "Actual Total Time": 0.620,
                                        "Actual Rows": 6,
                                        "Actual Loops": 1,
                                        "Output": [
                                            "intermediate_result_1.id",
                                            "intermediate_result_1.company_id",
                                            "intermediate_result_1.first_name",
                                            "intermediate_result_1.last_name",
                                            "intermediate_result_1.gender",
                                            "intermediate_result_1.dob",
                                            "intermediate_result_1.age",
                                            "intermediate_result_1.date_of_joining",
                                            "intermediate_result_1.quarter_of_joining",
                                            "intermediate_result_1.home_location",
                                            "intermediate_result_1.work_location",
                                            "intermediate_result_1.department_id",
                                            "c_1.id",
                                            "c_1.name",
                                            "c_1.revenue",
                                            "c_1.created_at"
                                        ],
                                        "Inner Unique": true,
                                        "Hash Cond": "(intermediate_result_1.id = c_1.id)",
                                        "Shared Hit Blocks": 0,
                                        "Shared Read Blocks": 1,
                                        "Shared Dirtied Blocks": 0,
                                        "Shared Written Blocks": 0,
                                        "Local Hit Blocks": 0,
                                        "Local Read Blocks": 0,
                                        "Local Dirtied Blocks": 0,
                                        "Local Written Blocks": 0,
                                        "Temp Read Blocks": 0,
                                        "Temp Written Blocks": 0,
                                        "Plans": [
                                            {
                                                "Node Type": "Function Scan",
                                                "Parent Relationship": "Outer",
                                                "Parallel Aware": false,
                                                "Function Name": "worker_read_intermediate_results",
                                                "Schema": "pg_catalog",
                                                "Alias": "intermediate_result_1",
                                                "Startup Cost": 0.00,
                                                "Total Cost": 10.00,
                                                "Plan Rows": 1000,
                                                "Plan Width": 172,
                                                "Actual Startup Time": 0.547,
                                                "Actual Total Time": 0.554,
                                                "Actual Rows": 243,
                                                "Actual Loops": 1,
                                                "Output": [
                                                    "intermediate_result_1.id",
                                                    "intermediate_result_1.company_id",
                                                    "intermediate_result_1.first_name",
                                                    "intermediate_result_1.last_name",
                                                    "intermediate_result_1.gender",
                                                    "intermediate_result_1.dob",
                                                    "intermediate_result_1.age",
                                                    "intermediate_result_1.date_of_joining",
                                                    "intermediate_result_1.quarter_of_joining",
                                                    "intermediate_result_1.home_location",
                                                    "intermediate_result_1.work_location",
                                                    "intermediate_result_1.department_id"
                                                ],
                                                "Function Call": "worker_read_intermediate_results(1, 1223, true)",
                                                "Shared Hit Blocks": 0,
                                                "Shared Read Blocks": 0,
                                                "Shared Dirtied Blocks": 0,
                                                "Shared Written Blocks": 0,
                                                "Local Hit Blocks": 0,
                                                "Local Read Blocks": 0,
                                                "Local Dirtied Blocks": 0,
                                                "Local Written Blocks": 0,
                                                "Temp Read Blocks": 0,
                                                "Temp Written Blocks": 0
                                            },
                                            {
                                                "Node Type": "Hash",
                                                "Parent Relationship": "Inner",
                                                "Parallel Aware": false,
                                                "Startup Cost": 20.70,
                                                "Total Cost": 20.70,
                                                "Plan Rows": 1070,
                                                "Plan Width": 48,
                                                "Actual Startup Time": 0.052,
                                                "Actual Total Time": 0.052,
                                                "Actual Rows": 6,
                                                "Actual Loops": 1,
                                                "Output": [
                                                    "c_1.id",
                                                    "c_1.name",
                                                    "c_1.revenue",
                                                    "c_1.created_at"
                                                ],
                                                "Hash Buckets": 2048,
                                                "Original Hash Buckets": 2048,
                                                "Hash Batches": 1,
                                                "Original Hash Batches": 1,
                                                "Peak Memory Usage": 17,
                                                "Shared Hit Blocks": 0,
                                                "Shared Read Blocks": 1,
                                                "Shared Dirtied Blocks": 0,
                                                "Shared Written Blocks": 0,
                                                "Local Hit Blocks": 0,
                                                "Local Read Blocks": 0,
                                                "Local Dirtied Blocks": 0,
                                                "Local Written Blocks": 0,
                                                "Temp Read Blocks": 0,
                                                "Temp Written Blocks": 0,
                                                "Plans": [
                                                    {
                                                        "Node Type": "Seq Scan",
                                                        "Parent Relationship": "Outer",
                                                        "Parallel Aware": false,
                                                        "Relation Name": "companies_ten_shards_1223",
                                                        "Schema": "public",
                                                        "Alias": "c_1",
                                                        "Startup Cost": 0.00,
                                                        "Total Cost": 20.70,
                                                        "Plan Rows": 1070,
                                                        "Plan Width": 48,
                                                        "Actual Startup Time": 0.050,
                                                        "Actual Total Time": 0.050,
                                                        "Actual Rows": 6,
                                                        "Actual Loops": 1,
                                                        "Output": [
                                                            "c_1.id",
                                                            "c_1.name",
                                                            "c_1.revenue",
                                                            "c_1.created_at"
                                                        ],
                                                        "Shared Hit Blocks": 0,
                                                        "Shared Read Blocks": 1,
                                                        "Shared Dirtied Blocks": 0,
                                                        "Shared Written Blocks": 0,
                                                        "Local Hit Blocks": 0,
                                                        "Local Read Blocks": 0,
                                                        "Local Dirtied Blocks": 0,
                                                        "Local Written Blocks": 0,
                                                        "Temp Read Blocks": 0,
                                                        "Temp Written Blocks": 0
                                                    }
                                                ]
                                            }
                                        ]
                                    },
                                    "Total Time": 0.628
                                }
                            ]
                        },
                        {
                            "Task ID": 8,
                            "ClusterId": 2,
                            "Host": "localhost3",
                            "Port": 5430,
                            "TaskQuery": "SELECT intermediate_result.id, intermediate_result.company_id, intermediate_result.first_name, intermediate_result.last_name, intermediate_result.gender, intermediate_result.dob, intermediate_result.age, intermediate_result.date_of_joining, intermediate_result.quarter_of_joining, intermediate_result.home_location, intermediate_result.work_location, intermediate_result.department_id, c.id, c.name, c.revenue, c.created_at FROM ((SELECT intermediate_result_1.id, intermediate_result_1.company_id, intermediate_result_1.first_name, intermediate_result_1.last_name, intermediate_result_1.gender, intermediate_result_1.dob, intermediate_result_1.age, intermediate_result_1.date_of_joining, intermediate_result_1.quarter_of_joining, intermediate_result_1.home_location, intermediate_result_1.work_location, intermediate_result_1.department_id FROM worker_read_intermediate_results(1, 1224, true) intermediate_result_1(id integer, company_id integer, first_name text, last_name text, gender character(1), dob date, age integer, date_of_joining date, quarter_of_joining character(2), home_location text, work_location text, department_id integer) WHERE true) intermediate_result JOIN (SELECT c_1.id, c_1.name, c_1.revenue, c_1.created_at FROM public.companies_ten_shards_1224 c_1 WHERE true) c ON ((intermediate_result.id = c.id))) WHERE true",
                            "Remote Plan": [
                                {
                                    "Query Text": "set distdb.isExplainAnalyze to true;set distdb.explainAnalyzeFormat to json;SELECT intermediate_result.id, intermediate_result.company_id, intermediate_result.first_name, intermediate_result.last_name, intermediate_result.gender, intermediate_result.dob, intermediate_result.age, intermediate_result.date_of_joining, intermediate_result.quarter_of_joining, intermediate_result.home_location, intermediate_result.work_location, intermediate_result.department_id, c.id, c.name, c.revenue, c.created_at FROM ((SELECT intermediate_result_1.id, intermediate_result_1.company_id, intermediate_result_1.first_name, intermediate_result_1.last_name, intermediate_result_1.gender, intermediate_result_1.dob, intermediate_result_1.age, intermediate_result_1.date_of_joining, intermediate_result_1.quarter_of_joining, intermediate_result_1.home_location, intermediate_result_1.work_location, intermediate_result_1.department_id FROM worker_read_intermediate_results(1, 1224, true) intermediate_result_1(id integer, company_id integer, first_name text, last_name text, gender character(1), dob date, age integer, date_of_joining date, quarter_of_joining character(2), home_location text, work_location text, department_id integer) WHERE true) intermediate_result JOIN (SELECT c_1.id, c_1.name, c_1.revenue, c_1.created_at FROM public.companies_ten_shards_1224 c_1 WHERE true) c ON ((intermediate_result.id = c.id))) WHERE true;set distdb.isExplainAnalyze to false;",
                                    "Plan": {
                                        "Node Type": "Hash Join",
                                        "Parallel Aware": false,
                                        "Join Type": "Inner",
                                        "Startup Cost": 34.08,
                                        "Total Cost": 46.71,
                                        "Plan Rows": 1000,
                                        "Plan Width": 220,
                                        "Actual Startup Time": 1.399,
                                        "Actual Total Time": 1.418,
                                        "Actual Rows": 8,
                                        "Actual Loops": 1,
                                        "Output": [
                                            "intermediate_result_1.id",
                                            "intermediate_result_1.company_id",
                                            "intermediate_result_1.first_name",
                                            "intermediate_result_1.last_name",
                                            "intermediate_result_1.gender",
                                            "intermediate_result_1.dob",
                                            "intermediate_result_1.age",
                                            "intermediate_result_1.date_of_joining",
                                            "intermediate_result_1.quarter_of_joining",
                                            "intermediate_result_1.home_location",
                                            "intermediate_result_1.work_location",
                                            "intermediate_result_1.department_id",
                                            "c_1.id",
                                            "c_1.name",
                                            "c_1.revenue",
                                            "c_1.created_at"
                                        ],
                                        "Inner Unique": true,
                                        "Hash Cond": "(intermediate_result_1.id = c_1.id)",
                                        "Shared Hit Blocks": 0,
                                        "Shared Read Blocks": 1,
                                        "Shared Dirtied Blocks": 0,
                                        "Shared Written Blocks": 0,
                                        "Local Hit Blocks": 0,
                                        "Local Read Blocks": 0,
                                        "Local Dirtied Blocks": 0,
                                        "Local Written Blocks": 0,
                                        "Temp Read Blocks": 0,
                                        "Temp Written Blocks": 0,
                                        "Plans": [
                                            {
                                                "Node Type": "Function Scan",
                                                "Parent Relationship": "Outer",
                                                "Parallel Aware": false,
                                                "Function Name": "worker_read_intermediate_results",
                                                "Schema": "pg_catalog",
                                                "Alias": "intermediate_result_1",
                                                "Startup Cost": 0.00,
                                                "Total Cost": 10.00,
                                                "Plan Rows": 1000,
                                                "Plan Width": 172,
                                                "Actual Startup Time": 0.567,
                                                "Actual Total Time": 0.575,
                                                "Actual Rows": 238,
                                                "Actual Loops": 1,
                                                "Output": [
                                                    "intermediate_result_1.id",
                                                    "intermediate_result_1.company_id",
                                                    "intermediate_result_1.first_name",
                                                    "intermediate_result_1.last_name",
                                                    "intermediate_result_1.gender",
                                                    "intermediate_result_1.dob",
                                                    "intermediate_result_1.age",
                                                    "intermediate_result_1.date_of_joining",
                                                    "intermediate_result_1.quarter_of_joining",
                                                    "intermediate_result_1.home_location",
                                                    "intermediate_result_1.work_location",
                                                    "intermediate_result_1.department_id"
                                                ],
                                                "Function Call": "worker_read_intermediate_results(1, 1224, true)",
                                                "Shared Hit Blocks": 0,
                                                "Shared Read Blocks": 0,
                                                "Shared Dirtied Blocks": 0,
                                                "Shared Written Blocks": 0,
                                                "Local Hit Blocks": 0,
                                                "Local Read Blocks": 0,
                                                "Local Dirtied Blocks": 0,
                                                "Local Written Blocks": 0,
                                                "Temp Read Blocks": 0,
                                                "Temp Written Blocks": 0
                                            },
                                            {
                                                "Node Type": "Hash",
                                                "Parent Relationship": "Inner",
                                                "Parallel Aware": false,
                                                "Startup Cost": 20.70,
                                                "Total Cost": 20.70,
                                                "Plan Rows": 1070,
                                                "Plan Width": 48,
                                                "Actual Startup Time": 0.820,
                                                "Actual Total Time": 0.820,
                                                "Actual Rows": 8,
                                                "Actual Loops": 1,
                                                "Output": [
                                                    "c_1.id",
                                                    "c_1.name",
                                                    "c_1.revenue",
                                                    "c_1.created_at"
                                                ],
                                                "Hash Buckets": 2048,
                                                "Original Hash Buckets": 2048,
                                                "Hash Batches": 1,
                                                "Original Hash Batches": 1,
                                                "Peak Memory Usage": 17,
                                                "Shared Hit Blocks": 0,
                                                "Shared Read Blocks": 1,
                                                "Shared Dirtied Blocks": 0,
                                                "Shared Written Blocks": 0,
                                                "Local Hit Blocks": 0,
                                                "Local Read Blocks": 0,
                                                "Local Dirtied Blocks": 0,
                                                "Local Written Blocks": 0,
                                                "Temp Read Blocks": 0,
                                                "Temp Written Blocks": 0,
                                                "Plans": [
                                                    {
                                                        "Node Type": "Seq Scan",
                                                        "Parent Relationship": "Outer",
                                                        "Parallel Aware": false,
                                                        "Relation Name": "companies_ten_shards_1224",
                                                        "Schema": "public",
                                                        "Alias": "c_1",
                                                        "Startup Cost": 0.00,
                                                        "Total Cost": 20.70,
                                                        "Plan Rows": 1070,
                                                        "Plan Width": 48,
                                                        "Actual Startup Time": 0.811,
                                                        "Actual Total Time": 0.812,
                                                        "Actual Rows": 8,
                                                        "Actual Loops": 1,
                                                        "Output": [
                                                            "c_1.id",
                                                            "c_1.name",
                                                            "c_1.revenue",
                                                            "c_1.created_at"
                                                        ],
                                                        "Shared Hit Blocks": 0,
                                                        "Shared Read Blocks": 1,
                                                        "Shared Dirtied Blocks": 0,
                                                        "Shared Written Blocks": 0,
                                                        "Local Hit Blocks": 0,
                                                        "Local Read Blocks": 0,
                                                        "Local Dirtied Blocks": 0,
                                                        "Local Written Blocks": 0,
                                                        "Temp Read Blocks": 0,
                                                        "Temp Written Blocks": 0
                                                    }
                                                ]
                                            }
                                        ]
                                    },
                                    "Total Time": 1.429
                                }
                            ]
                        },
                        {
                            "Task ID": 9,
                            "ClusterId": 1,
                            "Host": "localhost",
                            "Port": 5431,
                            "TaskQuery": "SELECT intermediate_result.id, intermediate_result.company_id, intermediate_result.first_name, intermediate_result.last_name, intermediate_result.gender, intermediate_result.dob, intermediate_result.age, intermediate_result.date_of_joining, intermediate_result.quarter_of_joining, intermediate_result.home_location, intermediate_result.work_location, intermediate_result.department_id, c.id, c.name, c.revenue, c.created_at FROM ((SELECT intermediate_result_1.id, intermediate_result_1.company_id, intermediate_result_1.first_name, intermediate_result_1.last_name, intermediate_result_1.gender, intermediate_result_1.dob, intermediate_result_1.age, intermediate_result_1.date_of_joining, intermediate_result_1.quarter_of_joining, intermediate_result_1.home_location, intermediate_result_1.work_location, intermediate_result_1.department_id FROM worker_read_intermediate_results(1, 1225, true) intermediate_result_1(id integer, company_id integer, first_name text, last_name text, gender character(1), dob date, age integer, date_of_joining date, quarter_of_joining character(2), home_location text, work_location text, department_id integer) WHERE true) intermediate_result JOIN (SELECT c_1.id, c_1.name, c_1.revenue, c_1.created_at FROM public.companies_ten_shards_1225 c_1 WHERE true) c ON ((intermediate_result.id = c.id))) WHERE true",
                            "Remote Plan": [
                                {
                                    "Query Text": "set distdb.isExplainAnalyze to true;set distdb.explainAnalyzeFormat to json;SELECT intermediate_result.id, intermediate_result.company_id, intermediate_result.first_name, intermediate_result.last_name, intermediate_result.gender, intermediate_result.dob, intermediate_result.age, intermediate_result.date_of_joining, intermediate_result.quarter_of_joining, intermediate_result.home_location, intermediate_result.work_location, intermediate_result.department_id, c.id, c.name, c.revenue, c.created_at FROM ((SELECT intermediate_result_1.id, intermediate_result_1.company_id, intermediate_result_1.first_name, intermediate_result_1.last_name, intermediate_result_1.gender, intermediate_result_1.dob, intermediate_result_1.age, intermediate_result_1.date_of_joining, intermediate_result_1.quarter_of_joining, intermediate_result_1.home_location, intermediate_result_1.work_location, intermediate_result_1.department_id FROM worker_read_intermediate_results(1, 1225, true) intermediate_result_1(id integer, company_id integer, first_name text, last_name text, gender character(1), dob date, age integer, date_of_joining date, quarter_of_joining character(2), home_location text, work_location text, department_id integer) WHERE true) intermediate_result JOIN (SELECT c_1.id, c_1.name, c_1.revenue, c_1.created_at FROM public.companies_ten_shards_1225 c_1 WHERE true) c ON ((intermediate_result.id = c.id))) WHERE true;set distdb.isExplainAnalyze to false;",
                                    "Plan": {
                                        "Node Type": "Hash Join",
                                        "Parallel Aware": false,
                                        "Join Type": "Inner",
                                        "Startup Cost": 34.08,
                                        "Total Cost": 46.71,
                                        "Plan Rows": 1000,
                                        "Plan Width": 220,
                                        "Actual Startup Time": 0.785,
                                        "Actual Total Time": 0.804,
                                        "Actual Rows": 5,
                                        "Actual Loops": 1,
                                        "Output": [
                                            "intermediate_result_1.id",
                                            "intermediate_result_1.company_id",
                                            "intermediate_result_1.first_name",
                                            "intermediate_result_1.last_name",
                                            "intermediate_result_1.gender",
                                            "intermediate_result_1.dob",
                                            "intermediate_result_1.age",
                                            "intermediate_result_1.date_of_joining",
                                            "intermediate_result_1.quarter_of_joining",
                                            "intermediate_result_1.home_location",
                                            "intermediate_result_1.work_location",
                                            "intermediate_result_1.department_id",
                                            "c_1.id",
                                            "c_1.name",
                                            "c_1.revenue",
                                            "c_1.created_at"
                                        ],
                                        "Inner Unique": true,
                                        "Hash Cond": "(intermediate_result_1.id = c_1.id)",
                                        "Shared Hit Blocks": 0,
                                        "Shared Read Blocks": 1,
                                        "Shared Dirtied Blocks": 0,
                                        "Shared Written Blocks": 0,
                                        "Local Hit Blocks": 0,
                                        "Local Read Blocks": 0,
                                        "Local Dirtied Blocks": 0,
                                        "Local Written Blocks": 0,
                                        "Temp Read Blocks": 0,
                                        "Temp Written Blocks": 0,
                                        "Plans": [
                                            {
                                                "Node Type": "Function Scan",
                                                "Parent Relationship": "Outer",
                                                "Parallel Aware": false,
                                                "Function Name": "worker_read_intermediate_results",
                                                "Schema": "pg_catalog",
                                                "Alias": "intermediate_result_1",
                                                "Startup Cost": 0.00,
                                                "Total Cost": 10.00,
                                                "Plan Rows": 1000,
                                                "Plan Width": 172,
                                                "Actual Startup Time": 0.575,
                                                "Actual Total Time": 0.583,
                                                "Actual Rows": 243,
                                                "Actual Loops": 1,
                                                "Output": [
                                                    "intermediate_result_1.id",
                                                    "intermediate_result_1.company_id",
                                                    "intermediate_result_1.first_name",
                                                    "intermediate_result_1.last_name",
                                                    "intermediate_result_1.gender",
                                                    "intermediate_result_1.dob",
                                                    "intermediate_result_1.age",
                                                    "intermediate_result_1.date_of_joining",
                                                    "intermediate_result_1.quarter_of_joining",
                                                    "intermediate_result_1.home_location",
                                                    "intermediate_result_1.work_location",
                                                    "intermediate_result_1.department_id"
                                                ],
                                                "Function Call": "worker_read_intermediate_results(1, 1225, true)",
                                                "Shared Hit Blocks": 0,
                                                "Shared Read Blocks": 0,
                                                "Shared Dirtied Blocks": 0,
                                                "Shared Written Blocks": 0,
                                                "Local Hit Blocks": 0,
                                                "Local Read Blocks": 0,
                                                "Local Dirtied Blocks": 0,
                                                "Local Written Blocks": 0,
                                                "Temp Read Blocks": 0,
                                                "Temp Written Blocks": 0
                                            },
                                            {
                                                "Node Type": "Hash",
                                                "Parent Relationship": "Inner",
                                                "Parallel Aware": false,
                                                "Startup Cost": 20.70,
                                                "Total Cost": 20.70,
                                                "Plan Rows": 1070,
                                                "Plan Width": 48,
                                                "Actual Startup Time": 0.193,
                                                "Actual Total Time": 0.193,
                                                "Actual Rows": 5,
                                                "Actual Loops": 1,
                                                "Output": [
                                                    "c_1.id",
                                                    "c_1.name",
                                                    "c_1.revenue",
                                                    "c_1.created_at"
                                                ],
                                                "Hash Buckets": 2048,
                                                "Original Hash Buckets": 2048,
                                                "Hash Batches": 1,
                                                "Original Hash Batches": 1,
                                                "Peak Memory Usage": 17,
                                                "Shared Hit Blocks": 0,
                                                "Shared Read Blocks": 1,
                                                "Shared Dirtied Blocks": 0,
                                                "Shared Written Blocks": 0,
                                                "Local Hit Blocks": 0,
                                                "Local Read Blocks": 0,
                                                "Local Dirtied Blocks": 0,
                                                "Local Written Blocks": 0,
                                                "Temp Read Blocks": 0,
                                                "Temp Written Blocks": 0,
                                                "Plans": [
                                                    {
                                                        "Node Type": "Seq Scan",
                                                        "Parent Relationship": "Outer",
                                                        "Parallel Aware": false,
                                                        "Relation Name": "companies_ten_shards_1225",
                                                        "Schema": "public",
                                                        "Alias": "c_1",
                                                        "Startup Cost": 0.00,
                                                        "Total Cost": 20.70,
                                                        "Plan Rows": 1070,
                                                        "Plan Width": 48,
                                                        "Actual Startup Time": 0.186,
                                                        "Actual Total Time": 0.187,
                                                        "Actual Rows": 5,
                                                        "Actual Loops": 1,
                                                        "Output": [
                                                            "c_1.id",
                                                            "c_1.name",
                                                            "c_1.revenue",
                                                            "c_1.created_at"
                                                        ],
                                                        "Shared Hit Blocks": 0,
                                                        "Shared Read Blocks": 1,
                                                        "Shared Dirtied Blocks": 0,
                                                        "Shared Written Blocks": 0,
                                                        "Local Hit Blocks": 0,
                                                        "Local Read Blocks": 0,
                                                        "Local Dirtied Blocks": 0,
                                                        "Local Written Blocks": 0,
                                                        "Temp Read Blocks": 0,
                                                        "Temp Written Blocks": 0
                                                    }
                                                ]
                                            }
                                        ]
                                    },
                                    "Total Time": 0.815
                                }
                            ]
                        },
                        {
                            "Task ID": 10,
                            "ClusterId": 2,
                            "Host": "localhost4",
                            "Port": 5430,
                            "TaskQuery": "SELECT intermediate_result.id, intermediate_result.company_id, intermediate_result.first_name, intermediate_result.last_name, intermediate_result.gender, intermediate_result.dob, intermediate_result.age, intermediate_result.date_of_joining, intermediate_result.quarter_of_joining, intermediate_result.home_location, intermediate_result.work_location, intermediate_result.department_id, c.id, c.name, c.revenue, c.created_at FROM ((SELECT intermediate_result_1.id, intermediate_result_1.company_id, intermediate_result_1.first_name, intermediate_result_1.last_name, intermediate_result_1.gender, intermediate_result_1.dob, intermediate_result_1.age, intermediate_result_1.date_of_joining, intermediate_result_1.quarter_of_joining, intermediate_result_1.home_location, intermediate_result_1.work_location, intermediate_result_1.department_id FROM worker_read_intermediate_results(1, 1226, true) intermediate_result_1(id integer, company_id integer, first_name text, last_name text, gender character(1), dob date, age integer, date_of_joining date, quarter_of_joining character(2), home_location text, work_location text, department_id integer) WHERE true) intermediate_result JOIN (SELECT c_1.id, c_1.name, c_1.revenue, c_1.created_at FROM public.companies_ten_shards_1226 c_1 WHERE true) c ON ((intermediate_result.id = c.id))) WHERE true",
                            "Remote Plan": [
                                {
                                    "Query Text": "set distdb.isExplainAnalyze to true;set distdb.explainAnalyzeFormat to json;SELECT intermediate_result.id, intermediate_result.company_id, intermediate_result.first_name, intermediate_result.last_name, intermediate_result.gender, intermediate_result.dob, intermediate_result.age, intermediate_result.date_of_joining, intermediate_result.quarter_of_joining, intermediate_result.home_location, intermediate_result.work_location, intermediate_result.department_id, c.id, c.name, c.revenue, c.created_at FROM ((SELECT intermediate_result_1.id, intermediate_result_1.company_id, intermediate_result_1.first_name, intermediate_result_1.last_name, intermediate_result_1.gender, intermediate_result_1.dob, intermediate_result_1.age, intermediate_result_1.date_of_joining, intermediate_result_1.quarter_of_joining, intermediate_result_1.home_location, intermediate_result_1.work_location, intermediate_result_1.department_id FROM worker_read_intermediate_results(1, 1226, true) intermediate_result_1(id integer, company_id integer, first_name text, last_name text, gender character(1), dob date, age integer, date_of_joining date, quarter_of_joining character(2), home_location text, work_location text, department_id integer) WHERE true) intermediate_result JOIN (SELECT c_1.id, c_1.name, c_1.revenue, c_1.created_at FROM public.companies_ten_shards_1226 c_1 WHERE true) c ON ((intermediate_result.id = c.id))) WHERE true;set distdb.isExplainAnalyze to false;",
                                    "Plan": {
                                        "Node Type": "Hash Join",
                                        "Parallel Aware": false,
                                        "Join Type": "Inner",
                                        "Startup Cost": 34.08,
                                        "Total Cost": 46.71,
                                        "Plan Rows": 1000,
                                        "Plan Width": 220,
                                        "Actual Startup Time": 1.336,
                                        "Actual Total Time": 1.356,
                                        "Actual Rows": 6,
                                        "Actual Loops": 1,
                                        "Output": [
                                            "intermediate_result_1.id",
                                            "intermediate_result_1.company_id",
                                            "intermediate_result_1.first_name",
                                            "intermediate_result_1.last_name",
                                            "intermediate_result_1.gender",
                                            "intermediate_result_1.dob",
                                            "intermediate_result_1.age",
                                            "intermediate_result_1.date_of_joining",
                                            "intermediate_result_1.quarter_of_joining",
                                            "intermediate_result_1.home_location",
                                            "intermediate_result_1.work_location",
                                            "intermediate_result_1.department_id",
                                            "c_1.id",
                                            "c_1.name",
                                            "c_1.revenue",
                                            "c_1.created_at"
                                        ],
                                        "Inner Unique": true,
                                        "Hash Cond": "(intermediate_result_1.id = c_1.id)",
                                        "Shared Hit Blocks": 0,
                                        "Shared Read Blocks": 1,
                                        "Shared Dirtied Blocks": 0,
                                        "Shared Written Blocks": 0,
                                        "Local Hit Blocks": 0,
                                        "Local Read Blocks": 0,
                                        "Local Dirtied Blocks": 0,
                                        "Local Written Blocks": 0,
                                        "Temp Read Blocks": 0,
                                        "Temp Written Blocks": 0,
                                        "Plans": [
                                            {
                                                "Node Type": "Function Scan",
                                                "Parent Relationship": "Outer",
                                                "Parallel Aware": false,
                                                "Function Name": "worker_read_intermediate_results",
                                                "Schema": "pg_catalog",
                                                "Alias": "intermediate_result_1",
                                                "Startup Cost": 0.00,
                                                "Total Cost": 10.00,
                                                "Plan Rows": 1000,
                                                "Plan Width": 172,
                                                "Actual Startup Time": 0.591,
                                                "Actual Total Time": 0.598,
                                                "Actual Rows": 257,
                                                "Actual Loops": 1,
                                                "Output": [
                                                    "intermediate_result_1.id",
                                                    "intermediate_result_1.company_id",
                                                    "intermediate_result_1.first_name",
                                                    "intermediate_result_1.last_name",
                                                    "intermediate_result_1.gender",
                                                    "intermediate_result_1.dob",
                                                    "intermediate_result_1.age",
                                                    "intermediate_result_1.date_of_joining",
                                                    "intermediate_result_1.quarter_of_joining",
                                                    "intermediate_result_1.home_location",
                                                    "intermediate_result_1.work_location",
                                                    "intermediate_result_1.department_id"
                                                ],
                                                "Function Call": "worker_read_intermediate_results(1, 1226, true)",
                                                "Shared Hit Blocks": 0,
                                                "Shared Read Blocks": 0,
                                                "Shared Dirtied Blocks": 0,
                                                "Shared Written Blocks": 0,
                                                "Local Hit Blocks": 0,
                                                "Local Read Blocks": 0,
                                                "Local Dirtied Blocks": 0,
                                                "Local Written Blocks": 0,
                                                "Temp Read Blocks": 0,
                                                "Temp Written Blocks": 0
                                            },
                                            {
                                                "Node Type": "Hash",
                                                "Parent Relationship": "Inner",
                                                "Parallel Aware": false,
                                                "Startup Cost": 20.70,
                                                "Total Cost": 20.70,
                                                "Plan Rows": 1070,
                                                "Plan Width": 48,
                                                "Actual Startup Time": 0.733,
                                                "Actual Total Time": 0.733,
                                                "Actual Rows": 6,
                                                "Actual Loops": 1,
                                                "Output": [
                                                    "c_1.id",
                                                    "c_1.name",
                                                    "c_1.revenue",
                                                    "c_1.created_at"
                                                ],
                                                "Hash Buckets": 2048,
                                                "Original Hash Buckets": 2048,
                                                "Hash Batches": 1,
                                                "Original Hash Batches": 1,
                                                "Peak Memory Usage": 17,
                                                "Shared Hit Blocks": 0,
                                                "Shared Read Blocks": 1,
                                                "Shared Dirtied Blocks": 0,
                                                "Shared Written Blocks": 0,
                                                "Local Hit Blocks": 0,
                                                "Local Read Blocks": 0,
                                                "Local Dirtied Blocks": 0,
                                                "Local Written Blocks": 0,
                                                "Temp Read Blocks": 0,
                                                "Temp Written Blocks": 0,
                                                "Plans": [
                                                    {
                                                        "Node Type": "Seq Scan",
                                                        "Parent Relationship": "Outer",
                                                        "Parallel Aware": false,
                                                        "Relation Name": "companies_ten_shards_1226",
                                                        "Schema": "public",
                                                        "Alias": "c_1",
                                                        "Startup Cost": 0.00,
                                                        "Total Cost": 20.70,
                                                        "Plan Rows": 1070,
                                                        "Plan Width": 48,
                                                        "Actual Startup Time": 0.725,
                                                        "Actual Total Time": 0.726,
                                                        "Actual Rows": 6,
                                                        "Actual Loops": 1,
                                                        "Output": [
                                                            "c_1.id",
                                                            "c_1.name",
                                                            "c_1.revenue",
                                                            "c_1.created_at"
                                                        ],
                                                        "Shared Hit Blocks": 0,
                                                        "Shared Read Blocks": 1,
                                                        "Shared Dirtied Blocks": 0,
                                                        "Shared Written Blocks": 0,
                                                        "Local Hit Blocks": 0,
                                                        "Local Read Blocks": 0,
                                                        "Local Dirtied Blocks": 0,
                                                        "Local Written Blocks": 0,
                                                        "Temp Read Blocks": 0,
                                                        "Temp Written Blocks": 0
                                                    }
                                                ]
                                            }
                                        ]
                                    },
                                    "Total Time": 1.366
                                }
                            ]
                        }
                    ]
                }
            },
            "Subplans": {
                "Node Type": "Subplan 1",
                "Total Cost":"12",
                "DistDB Query": {
                    "Job": {
                        "Task Count": 10,
                        "Tasks Shown": "All",
                        "Tasks": [
                            {
                                "Task ID": 1,
                                "ClusterId": 1,
                                "Host": "localhost1",
                                "Port": 5431,
                                "TaskQuery": "SELECT worker_store_intermediate_results('SELECT id, company_id, first_name, last_name, gender, dob, age, date_of_joining, quarter_of_joining, home_location, work_location, department_id FROM public.employees_ten_shards_1227 e WHERE true'::text, 1::int, '{0}'::int[], 0::int, 'false'::bool, '{}'::text[], '{}'::int[], 'true'::bool, 'single'::distdb.transfer_operation_type, 'public.companies_ten_shards'::regclass)",
                                "Remote Plan": [
                                    {
                                        "Query Text": "SELECT id, company_id, first_name, last_name, gender, dob, age, date_of_joining, quarter_of_joining, home_location, work_location, department_id FROM public.employees_ten_shards_1227 e WHERE true",
                                        "Plan": {
                                            "Node Type": "Seq Scan",
                                            "Parallel Aware": false,
                                            "Relation Name": "employees_ten_shards_1227",
                                            "Schema": "public",
                                            "Alias": "e",
                                            "Startup Cost": 0.00,
                                            "Total Cost": 6.22,
                                            "Plan Rows": 222,
                                            "Plan Width": 82,
                                            "Actual Startup Time": 0.334,
                                            "Actual Total Time": 0.681,
                                            "Actual Rows": 222,
                                            "Actual Loops": 1,
                                            "Output": [
                                                "id",
                                                "company_id",
                                                "first_name",
                                                "last_name",
                                                "gender",
                                                "dob",
                                                "age",
                                                "date_of_joining",
                                                "quarter_of_joining",
                                                "home_location",
                                                "work_location",
                                                "department_id"
                                            ],
                                            "Shared Hit Blocks": 0,
                                            "Shared Read Blocks": 4,
                                            "Shared Dirtied Blocks": 0,
                                            "Shared Written Blocks": 0,
                                            "Local Hit Blocks": 0,
                                            "Local Read Blocks": 0,
                                            "Local Dirtied Blocks": 0,
                                            "Local Written Blocks": 0,
                                            "Temp Read Blocks": 0,
                                            "Temp Written Blocks": 0
                                        },
                                        "Total Time": 44.542
                                    }
                                ]
                            },
                            {
                                "Task ID": 2,
                                "ClusterId": 2,
                                "Host": "localhost",
                                "Port": 5430,
                                "TaskQuery": "SELECT worker_store_intermediate_results('SELECT id, company_id, first_name, last_name, gender, dob, age, date_of_joining, quarter_of_joining, home_location, work_location, department_id FROM public.employees_ten_shards_1228 e WHERE true'::text, 1::int, '{0}'::int[], 0::int, 'false'::bool, '{}'::text[], '{}'::int[], 'true'::bool, 'single'::distdb.transfer_operation_type, 'public.companies_ten_shards'::regclass)",
                                "Remote Plan": [
                                    {
                                        "Query Text": "SELECT id, company_id, first_name, last_name, gender, dob, age, date_of_joining, quarter_of_joining, home_location, work_location, department_id FROM public.employees_ten_shards_1228 e WHERE true",
                                        "Plan": {
                                            "Node Type": "Seq Scan",
                                            "Parallel Aware": false,
                                            "Relation Name": "employees_ten_shards_1228",
                                            "Schema": "public",
                                            "Alias": "e",
                                            "Startup Cost": 0.00,
                                            "Total Cost": 8.11,
                                            "Plan Rows": 311,
                                            "Plan Width": 82,
                                            "Actual Startup Time": 0.186,
                                            "Actual Total Time": 0.422,
                                            "Actual Rows": 311,
                                            "Actual Loops": 1,
                                            "Output": [
                                                "id",
                                                "company_id",
                                                "first_name",
                                                "last_name",
                                                "gender",
                                                "dob",
                                                "age",
                                                "date_of_joining",
                                                "quarter_of_joining",
                                                "home_location",
                                                "work_location",
                                                "department_id"
                                            ],
                                            "Shared Hit Blocks": 0,
                                            "Shared Read Blocks": 5,
                                            "Shared Dirtied Blocks": 0,
                                            "Shared Written Blocks": 0,
                                            "Local Hit Blocks": 0,
                                            "Local Read Blocks": 0,
                                            "Local Dirtied Blocks": 0,
                                            "Local Written Blocks": 0,
                                            "Temp Read Blocks": 0,
                                            "Temp Written Blocks": 0
                                        },
                                        "Total Time": 46.004
                                    }
                                ]
                            },
                            {
                                "Task ID": 3,
                                "ClusterId": 1,
                                "Host": "localhost2",
                                "Port": 5431,
                                "TaskQuery": "SELECT worker_store_intermediate_results('SELECT id, company_id, first_name, last_name, gender, dob, age, date_of_joining, quarter_of_joining, home_location, work_location, department_id FROM public.employees_ten_shards_1229 e WHERE true'::text, 1::int, '{0}'::int[], 0::int, 'false'::bool, '{}'::text[], '{}'::int[], 'true'::bool, 'single'::distdb.transfer_operation_type, 'public.companies_ten_shards'::regclass)",
                                "Remote Plan": [
                                    {
                                        "Query Text": "SELECT id, company_id, first_name, last_name, gender, dob, age, date_of_joining, quarter_of_joining, home_location, work_location, department_id FROM public.employees_ten_shards_1229 e WHERE true",
                                        "Plan": {
                                            "Node Type": "Seq Scan",
                                            "Parallel Aware": false,
                                            "Relation Name": "employees_ten_shards_1229",
                                            "Schema": "public",
                                            "Alias": "e",
                                            "Startup Cost": 0.00,
                                            "Total Cost": 8.21,
                                            "Plan Rows": 321,
                                            "Plan Width": 82,
                                            "Actual Startup Time": 0.059,
                                            "Actual Total Time": 0.168,
                                            "Actual Rows": 321,
                                            "Actual Loops": 1,
                                            "Output": [
                                                "id",
                                                "company_id",
                                                "first_name",
                                                "last_name",
                                                "gender",
                                                "dob",
                                                "age",
                                                "date_of_joining",
                                                "quarter_of_joining",
                                                "home_location",
                                                "work_location",
                                                "department_id"
                                            ],
                                            "Shared Hit Blocks": 0,
                                            "Shared Read Blocks": 5,
                                            "Shared Dirtied Blocks": 0,
                                            "Shared Written Blocks": 0,
                                            "Local Hit Blocks": 0,
                                            "Local Read Blocks": 0,
                                            "Local Dirtied Blocks": 0,
                                            "Local Written Blocks": 0,
                                            "Temp Read Blocks": 0,
                                            "Temp Written Blocks": 0
                                        },
                                        "Total Time": 8.016
                                    }
                                ]
                            },
                            {
                                "Task ID": 4,
                                "ClusterId": 2,
                                "Host": "localhost",
                                "Port": 5430,
                                "TaskQuery": "SELECT worker_store_intermediate_results('SELECT id, company_id, first_name, last_name, gender, dob, age, date_of_joining, quarter_of_joining, home_location, work_location, department_id FROM public.employees_ten_shards_1230 e WHERE true'::text, 1::int, '{0}'::int[], 0::int, 'false'::bool, '{}'::text[], '{}'::int[], 'true'::bool, 'single'::distdb.transfer_operation_type, 'public.companies_ten_shards'::regclass)",
                                "Remote Plan": [
                                    {
                                        "Query Text": "SELECT id, company_id, first_name, last_name, gender, dob, age, date_of_joining, quarter_of_joining, home_location, work_location, department_id FROM public.employees_ten_shards_1230 e WHERE true",
                                        "Plan": {
                                            "Node Type": "Seq Scan",
                                            "Parallel Aware": false,
                                            "Relation Name": "employees_ten_shards_1230",
                                            "Schema": "public",
                                            "Alias": "e",
                                            "Startup Cost": 0.00,
                                            "Total Cost": 1.58,
                                            "Plan Rows": 58,
                                            "Plan Width": 82,
                                            "Actual Startup Time": 0.217,
                                            "Actual Total Time": 0.223,
                                            "Actual Rows": 58,
                                            "Actual Loops": 1,
                                            "Output": [
                                                "id",
                                                "company_id",
                                                "first_name",
                                                "last_name",
                                                "gender",
                                                "dob",
                                                "age",
                                                "date_of_joining",
                                                "quarter_of_joining",
                                                "home_location",
                                                "work_location",
                                                "department_id"
                                            ],
                                            "Shared Hit Blocks": 0,
                                            "Shared Read Blocks": 1,
                                            "Shared Dirtied Blocks": 0,
                                            "Shared Written Blocks": 0,
                                            "Local Hit Blocks": 0,
                                            "Local Read Blocks": 0,
                                            "Local Dirtied Blocks": 0,
                                            "Local Written Blocks": 0,
                                            "Temp Read Blocks": 0,
                                            "Temp Written Blocks": 0
                                        },
                                        "Total Time": 5.266
                                    }
                                ]
                            },
                            {
                                "Task ID": 5,
                                "ClusterId": 1,
                                "Host": "localhost1",
                                "Port": 5431,
                                "TaskQuery": "SELECT worker_store_intermediate_results('SELECT id, company_id, first_name, last_name, gender, dob, age, date_of_joining, quarter_of_joining, home_location, work_location, department_id FROM public.employees_ten_shards_1231 e WHERE true'::text, 1::int, '{0}'::int[], 0::int, 'false'::bool, '{}'::text[], '{}'::int[], 'true'::bool, 'single'::distdb.transfer_operation_type, 'public.companies_ten_shards'::regclass)",
                                "Remote Plan": [
                                    {
                                        "Query Text": "SELECT id, company_id, first_name, last_name, gender, dob, age, date_of_joining, quarter_of_joining, home_location, work_location, department_id FROM public.employees_ten_shards_1231 e WHERE true",
                                        "Plan": {
                                            "Node Type": "Seq Scan",
                                            "Parallel Aware": false,
                                            "Relation Name": "employees_ten_shards_1231",
                                            "Schema": "public",
                                            "Alias": "e",
                                            "Startup Cost": 0.00,
                                            "Total Cost": 8.02,
                                            "Plan Rows": 302,
                                            "Plan Width": 82,
                                            "Actual Startup Time": 0.058,
                                            "Actual Total Time": 0.147,
                                            "Actual Rows": 302,
                                            "Actual Loops": 1,
                                            "Output": [
                                                "id",
                                                "company_id",
                                                "first_name",
                                                "last_name",
                                                "gender",
                                                "dob",
                                                "age",
                                                "date_of_joining",
                                                "quarter_of_joining",
                                                "home_location",
                                                "work_location",
                                                "department_id"
                                            ],
                                            "Shared Hit Blocks": 0,
                                            "Shared Read Blocks": 5,
                                            "Shared Dirtied Blocks": 0,
                                            "Shared Written Blocks": 0,
                                            "Local Hit Blocks": 0,
                                            "Local Read Blocks": 0,
                                            "Local Dirtied Blocks": 0,
                                            "Local Written Blocks": 0,
                                            "Temp Read Blocks": 0,
                                            "Temp Written Blocks": 0
                                        },
                                        "Total Time": 14.513
                                    }
                                ]
                            },
                            {
                                "Task ID": 6,
                                "ClusterId": 2,
                                "Host": "localhost2",
                                "Port": 5430,
                                "TaskQuery": "SELECT worker_store_intermediate_results('SELECT id, company_id, first_name, last_name, gender, dob, age, date_of_joining, quarter_of_joining, home_location, work_location, department_id FROM public.employees_ten_shards_1232 e WHERE true'::text, 1::int, '{0}'::int[], 0::int, 'false'::bool, '{}'::text[], '{}'::int[], 'true'::bool, 'single'::distdb.transfer_operation_type, 'public.companies_ten_shards'::regclass)",
                                "Remote Plan": [
                                    {
                                        "Query Text": "SELECT id, company_id, first_name, last_name, gender, dob, age, date_of_joining, quarter_of_joining, home_location, work_location, department_id FROM public.employees_ten_shards_1232 e WHERE true",
                                        "Plan": {
                                            "Node Type": "Seq Scan",
                                            "Parallel Aware": false,
                                            "Relation Name": "employees_ten_shards_1232",
                                            "Schema": "public",
                                            "Alias": "e",
                                            "Startup Cost": 0.00,
                                            "Total Cost": 14.00,
                                            "Plan Rows": 400,
                                            "Plan Width": 172,
                                            "Actual Startup Time": 0.002,
                                            "Actual Total Time": 0.002,
                                            "Actual Rows": 0,
                                            "Actual Loops": 1,
                                            "Output": [
                                                "id",
                                                "company_id",
                                                "first_name",
                                                "last_name",
                                                "gender",
                                                "dob",
                                                "age",
                                                "date_of_joining",
                                                "quarter_of_joining",
                                                "home_location",
                                                "work_location",
                                                "department_id"
                                            ],
                                            "Shared Hit Blocks": 0,
                                            "Shared Read Blocks": 0,
                                            "Shared Dirtied Blocks": 0,
                                            "Shared Written Blocks": 0,
                                            "Local Hit Blocks": 0,
                                            "Local Read Blocks": 0,
                                            "Local Dirtied Blocks": 0,
                                            "Local Written Blocks": 0,
                                            "Temp Read Blocks": 0,
                                            "Temp Written Blocks": 0
                                        },
                                        "Total Time": 2.016
                                    }
                                ]
                            },
                            {
                                "Task ID": 7,
                                "ClusterId": 1,
                                "Host": "localhost",
                                "Port": 5431,
                                "TaskQuery": "SELECT worker_store_intermediate_results('SELECT id, company_id, first_name, last_name, gender, dob, age, date_of_joining, quarter_of_joining, home_location, work_location, department_id FROM public.employees_ten_shards_1233 e WHERE true'::text, 1::int, '{0}'::int[], 0::int, 'false'::bool, '{}'::text[], '{}'::int[], 'true'::bool, 'single'::distdb.transfer_operation_type, 'public.companies_ten_shards'::regclass)",
                                "Remote Plan": [
                                    {
                                        "Query Text": "SELECT id, company_id, first_name, last_name, gender, dob, age, date_of_joining, quarter_of_joining, home_location, work_location, department_id FROM public.employees_ten_shards_1233 e WHERE true",
                                        "Plan": {
                                            "Node Type": "Seq Scan",
                                            "Parallel Aware": false,
                                            "Relation Name": "employees_ten_shards_1233",
                                            "Schema": "public",
                                            "Alias": "e",
                                            "Startup Cost": 0.00,
                                            "Total Cost": 7.96,
                                            "Plan Rows": 296,
                                            "Plan Width": 82,
                                            "Actual Startup Time": 0.053,
                                            "Actual Total Time": 0.145,
                                            "Actual Rows": 296,
                                            "Actual Loops": 1,
                                            "Output": [
                                                "id",
                                                "company_id",
                                                "first_name",
                                                "last_name",
                                                "gender",
                                                "dob",
                                                "age",
                                                "date_of_joining",
                                                "quarter_of_joining",
                                                "home_location",
                                                "work_location",
                                                "department_id"
                                            ],
                                            "Shared Hit Blocks": 0,
                                            "Shared Read Blocks": 5,
                                            "Shared Dirtied Blocks": 0,
                                            "Shared Written Blocks": 0,
                                            "Local Hit Blocks": 0,
                                            "Local Read Blocks": 0,
                                            "Local Dirtied Blocks": 0,
                                            "Local Written Blocks": 0,
                                            "Temp Read Blocks": 0,
                                            "Temp Written Blocks": 0
                                        },
                                        "Total Time": 6.862
                                    }
                                ]
                            },
                            {
                                "Task ID": 8,
                                "ClusterId": 2,
                                "Host": "localhost",
                                "Port": 5430,
                                "TaskQuery": "SELECT worker_store_intermediate_results('SELECT id, company_id, first_name, last_name, gender, dob, age, date_of_joining, quarter_of_joining, home_location, work_location, department_id FROM public.employees_ten_shards_1234 e WHERE true'::text, 1::int, '{0}'::int[], 0::int, 'false'::bool, '{}'::text[], '{}'::int[], 'true'::bool, 'single'::distdb.transfer_operation_type, 'public.companies_ten_shards'::regclass)",
                                "Remote Plan": [
                                    {
                                        "Query Text": "SELECT id, company_id, first_name, last_name, gender, dob, age, date_of_joining, quarter_of_joining, home_location, work_location, department_id FROM public.employees_ten_shards_1234 e WHERE true",
                                        "Plan": {
                                            "Node Type": "Seq Scan",
                                            "Parallel Aware": false,
                                            "Relation Name": "employees_ten_shards_1234",
                                            "Schema": "public",
                                            "Alias": "e",
                                            "Startup Cost": 0.00,
                                            "Total Cost": 9.78,
                                            "Plan Rows": 378,
                                            "Plan Width": 82,
                                            "Actual Startup Time": 0.064,
                                            "Actual Total Time": 0.227,
                                            "Actual Rows": 378,
                                            "Actual Loops": 1,
                                            "Output": [
                                                "id",
                                                "company_id",
                                                "first_name",
                                                "last_name",
                                                "gender",
                                                "dob",
                                                "age",
                                                "date_of_joining",
                                                "quarter_of_joining",
                                                "home_location",
                                                "work_location",
                                                "department_id"
                                            ],
                                            "Shared Hit Blocks": 0,
                                            "Shared Read Blocks": 6,
                                            "Shared Dirtied Blocks": 0,
                                            "Shared Written Blocks": 0,
                                            "Local Hit Blocks": 0,
                                            "Local Read Blocks": 0,
                                            "Local Dirtied Blocks": 0,
                                            "Local Written Blocks": 0,
                                            "Temp Read Blocks": 0,
                                            "Temp Written Blocks": 0
                                        },
                                        "Total Time": 38.286
                                    }
                                ]
                            },
                            {
                                "Task ID": 9,
                                "ClusterId": 1,
                                "Host": "localhost",
                                "Port": 5431,
                                "TaskQuery": "SELECT worker_store_intermediate_results('SELECT id, company_id, first_name, last_name, gender, dob, age, date_of_joining, quarter_of_joining, home_location, work_location, department_id FROM public.employees_ten_shards_1235 e WHERE true'::text, 1::int, '{0}'::int[], 0::int, 'false'::bool, '{}'::text[], '{}'::int[], 'true'::bool, 'single'::distdb.transfer_operation_type, 'public.companies_ten_shards'::regclass)",
                                "Remote Plan": [
                                    {
                                        "Query Text": "SELECT id, company_id, first_name, last_name, gender, dob, age, date_of_joining, quarter_of_joining, home_location, work_location, department_id FROM public.employees_ten_shards_1235 e WHERE true",
                                        "Plan": {
                                            "Node Type": "Seq Scan",
                                            "Parallel Aware": false,
                                            "Relation Name": "employees_ten_shards_1235",
                                            "Schema": "public",
                                            "Alias": "e",
                                            "Startup Cost": 0.00,
                                            "Total Cost": 4.94,
                                            "Plan Rows": 194,
                                            "Plan Width": 82,
                                            "Actual Startup Time": 0.177,
                                            "Actual Total Time": 0.403,
                                            "Actual Rows": 194,
                                            "Actual Loops": 1,
                                            "Output": [
                                                "id",
                                                "company_id",
                                                "first_name",
                                                "last_name",
                                                "gender",
                                                "dob",
                                                "age",
                                                "date_of_joining",
                                                "quarter_of_joining",
                                                "home_location",
                                                "work_location",
                                                "department_id"
                                            ],
                                            "Shared Hit Blocks": 0,
                                            "Shared Read Blocks": 3,
                                            "Shared Dirtied Blocks": 0,
                                            "Shared Written Blocks": 0,
                                            "Local Hit Blocks": 0,
                                            "Local Read Blocks": 0,
                                            "Local Dirtied Blocks": 0,
                                            "Local Written Blocks": 0,
                                            "Temp Read Blocks": 0,
                                            "Temp Written Blocks": 0
                                        },
                                        "Total Time": 19.835
                                    }
                                ]
                            },
                            {
                                "Task ID": 10,
                                "ClusterId": 2,
                                "Host": "localhost",
                                "Port": 5430,
                                "TaskQuery": "SELECT worker_store_intermediate_results('SELECT id, company_id, first_name, last_name, gender, dob, age, date_of_joining, quarter_of_joining, home_location, work_location, department_id FROM public.employees_ten_shards_1236 e WHERE true'::text, 1::int, '{0}'::int[], 0::int, 'false'::bool, '{}'::text[], '{}'::int[], 'true'::bool, 'single'::distdb.transfer_operation_type, 'public.companies_ten_shards'::regclass)",
                                "Remote Plan": [
                                    {
                                        "Query Text": "SELECT id, company_id, first_name, last_name, gender, dob, age, date_of_joining, quarter_of_joining, home_location, work_location, department_id FROM public.employees_ten_shards_1236 e WHERE true",
                                        "Plan": {
                                            "Node Type": "Seq Scan",
                                            "Parallel Aware": false,
                                            "Relation Name": "employees_ten_shards_1236",
                                            "Schema": "public",
                                            "Alias": "e",
                                            "Startup Cost": 0.00,
                                            "Total Cost": 11.56,
                                            "Plan Rows": 456,
                                            "Plan Width": 82,
                                            "Actual Startup Time": 0.142,
                                            "Actual Total Time": 0.418,
                                            "Actual Rows": 456,
                                            "Actual Loops": 1,
                                            "Output": [
                                                "id",
                                                "company_id",
                                                "first_name",
                                                "last_name",
                                                "gender",
                                                "dob",
                                                "age",
                                                "date_of_joining",
                                                "quarter_of_joining",
                                                "home_location",
                                                "work_location",
                                                "department_id"
                                            ],
                                            "Shared Hit Blocks": 0,
                                            "Shared Read Blocks": 7,
                                            "Shared Dirtied Blocks": 0,
                                            "Shared Written Blocks": 0,
                                            "Local Hit Blocks": 0,
                                            "Local Read Blocks": 0,
                                            "Local Dirtied Blocks": 0,
                                            "Local Written Blocks": 0,
                                            "Temp Read Blocks": 0,
                                            "Temp Written Blocks": 0
                                        },
                                        "Total Time": 21.816
                                    }
                                ]
                            }
                        ]
                    }
                }
            }
        },
        "Planning Time": 5.241,
        "Triggers": [],
        "Execution Time": 167.932
    }
]`, "", ""]
setPlanSource(planData[0]);
planData[0] = JSON.stringify(processData(JSON.parse(planData[0])));
window.setPlanData =planData;
</script>

<template>
    <plan
      v-if="planData[0]"
      :plan-source="planData[0]"
      :plan-query="planData[1]"
    />
</template>
